2024-09-02 21:21:52 INFO  Log4jListener:16 - Test Suite started: Test
2024-09-02 21:21:53 INFO  Log4jListener:26 - Test started: Launch_And_Login
2024-09-02 21:22:08 INFO  Log4jListener:31 - Test passed: Launch_And_Login
2024-09-02 21:22:08 INFO  Log4jListener:21 - Test Suite finished: Test
2024-09-02 21:35:57 INFO  Log4jListener:26 - Test Suite started: Test
2024-09-02 21:35:57 INFO  Log4jListener:40 - Test started: Launch_And_Login
2024-09-02 21:36:12 INFO  Log4jListener:46 - Test passed: Launch_And_Login
2024-09-02 21:36:12 INFO  Log4jListener:32 - Test Suite finished: Test
2024-09-02 21:43:52 INFO  Log4jListener:26 - Test Suite started: Test
2024-09-02 21:43:53 INFO  Log4jListener:49 - Test started: Launch_And_Login
2024-09-02 21:44:12 INFO  Log4jListener:55 - Test passed: Launch_And_Login
2024-09-02 21:44:12 INFO  Log4jListener:41 - Test Suite finished: Test
2024-09-02 21:52:21 INFO  Log4jListener:28 - Test Suite started: Test
2024-09-02 21:52:21 INFO  Log4jListener:51 - Test started: Launch_And_Login
2024-09-02 21:52:41 INFO  Log4jListener:57 - Test passed: Launch_And_Login
2024-09-02 21:52:41 INFO  Log4jListener:43 - Test Suite finished: Test
2024-09-02 22:02:18 INFO  Log4jListener:28 - Test Suite started: Test
2024-09-02 22:02:18 INFO  Log4jListener:51 - Test started: Launch_And_Login
2024-09-02 22:02:28 ERROR Log4jListener:63 - Test failed: Launch_And_Login
java.lang.NullPointerException: Cannot invoke "Utlilities.Log4jListener.WriteToHTML(String)" because "this.Log4jListener" is null
	at Utlilities.UserActions.Click(UserActions.java:15)
	at POMs.DemoWebshop_HomePage.ClickLoginTab(DemoWebshop_HomePage.java:41)
	at TestExecution.DemoWebShop_OrderItem.Launch_And_Login(DemoWebShop_OrderItem.java:20)
	at java.base/jdk.internal.reflect.DirectMethodHandleAccessor.invoke(DirectMethodHandleAccessor.java:103)
	at java.base/java.lang.reflect.Method.invoke(Method.java:580)
	at org.testng.internal.MethodInvocationHelper.invokeMethod(MethodInvocationHelper.java:133)
	at org.testng.internal.TestInvoker.invokeMethod(TestInvoker.java:598)
	at org.testng.internal.TestInvoker.invokeTestMethod(TestInvoker.java:173)
	at org.testng.internal.MethodRunner.runInSequence(MethodRunner.java:46)
	at org.testng.internal.TestInvoker$MethodInvocationAgent.invoke(TestInvoker.java:824)
	at org.testng.internal.TestInvoker.invokeTestMethods(TestInvoker.java:146)
	at org.testng.internal.TestMethodWorker.invokeTestMethods(TestMethodWorker.java:146)
	at org.testng.internal.TestMethodWorker.run(TestMethodWorker.java:128)
	at java.base/java.util.concurrent.ThreadPoolExecutor.runWorker(ThreadPoolExecutor.java:1144)
	at java.base/java.util.concurrent.ThreadPoolExecutor$Worker.run(ThreadPoolExecutor.java:642)
	at java.base/java.lang.Thread.run(Thread.java:1583)
2024-09-02 22:02:28 INFO  Log4jListener:43 - Test Suite finished: Test
2024-09-02 22:04:22 INFO  Log4jListener:28 - Test Suite started: Test
2024-09-02 22:04:22 INFO  Log4jListener:51 - Test started: Launch_And_Login
2024-09-02 22:04:32 ERROR Log4jListener:63 - Test failed: Launch_And_Login
java.lang.NullPointerException: Cannot invoke "java.io.BufferedWriter.write(String)" because "this.writer" is null
	at Utlilities.Log4jListener.WriteToHTML(Log4jListener.java:83)
	at Utlilities.UserActions.Click(UserActions.java:15)
	at POMs.DemoWebshop_HomePage.ClickLoginTab(DemoWebshop_HomePage.java:41)
	at TestExecution.DemoWebShop_OrderItem.Launch_And_Login(DemoWebShop_OrderItem.java:20)
	at java.base/jdk.internal.reflect.DirectMethodHandleAccessor.invoke(DirectMethodHandleAccessor.java:103)
	at java.base/java.lang.reflect.Method.invoke(Method.java:580)
	at org.testng.internal.MethodInvocationHelper.invokeMethod(MethodInvocationHelper.java:133)
	at org.testng.internal.TestInvoker.invokeMethod(TestInvoker.java:598)
	at org.testng.internal.TestInvoker.invokeTestMethod(TestInvoker.java:173)
	at org.testng.internal.MethodRunner.runInSequence(MethodRunner.java:46)
	at org.testng.internal.TestInvoker$MethodInvocationAgent.invoke(TestInvoker.java:824)
	at org.testng.internal.TestInvoker.invokeTestMethods(TestInvoker.java:146)
	at org.testng.internal.TestMethodWorker.invokeTestMethods(TestMethodWorker.java:146)
	at org.testng.internal.TestMethodWorker.run(TestMethodWorker.java:128)
	at java.base/java.util.concurrent.ThreadPoolExecutor.runWorker(ThreadPoolExecutor.java:1144)
	at java.base/java.util.concurrent.ThreadPoolExecutor$Worker.run(ThreadPoolExecutor.java:642)
	at java.base/java.lang.Thread.run(Thread.java:1583)
2024-09-02 22:04:32 INFO  Log4jListener:43 - Test Suite finished: Test
2024-09-02 22:06:21 INFO  Log4jListener:28 - Test Suite started: Test
2024-09-02 22:06:21 INFO  Log4jListener:51 - Test started: Launch_And_Login
2024-09-02 22:06:30 ERROR Log4jListener:63 - Test failed: Launch_And_Login
java.lang.NullPointerException: Cannot invoke "java.io.BufferedWriter.write(String)" because "this.writer" is null
	at Utlilities.Log4jListener.WriteToHTML(Log4jListener.java:83)
	at Utlilities.UserActions.Click(UserActions.java:15)
	at POMs.DemoWebshop_HomePage.ClickLoginTab(DemoWebshop_HomePage.java:41)
	at TestExecution.DemoWebShop_OrderItem.Launch_And_Login(DemoWebShop_OrderItem.java:20)
	at java.base/jdk.internal.reflect.DirectMethodHandleAccessor.invoke(DirectMethodHandleAccessor.java:103)
	at java.base/java.lang.reflect.Method.invoke(Method.java:580)
	at org.testng.internal.MethodInvocationHelper.invokeMethod(MethodInvocationHelper.java:133)
	at org.testng.internal.TestInvoker.invokeMethod(TestInvoker.java:598)
	at org.testng.internal.TestInvoker.invokeTestMethod(TestInvoker.java:173)
	at org.testng.internal.MethodRunner.runInSequence(MethodRunner.java:46)
	at org.testng.internal.TestInvoker$MethodInvocationAgent.invoke(TestInvoker.java:824)
	at org.testng.internal.TestInvoker.invokeTestMethods(TestInvoker.java:146)
	at org.testng.internal.TestMethodWorker.invokeTestMethods(TestMethodWorker.java:146)
	at org.testng.internal.TestMethodWorker.run(TestMethodWorker.java:128)
	at java.base/java.util.concurrent.ThreadPoolExecutor.runWorker(ThreadPoolExecutor.java:1144)
	at java.base/java.util.concurrent.ThreadPoolExecutor$Worker.run(ThreadPoolExecutor.java:642)
	at java.base/java.lang.Thread.run(Thread.java:1583)
2024-09-02 22:06:30 INFO  Log4jListener:43 - Test Suite finished: Test
2024-09-02 22:09:07 INFO  Log4jListener:28 - Test Suite started: Test
2024-09-02 22:09:07 INFO  Log4jListener:51 - Test started: Launch_And_Login
2024-09-02 22:09:16 ERROR Log4jListener:63 - Test failed: Launch_And_Login
java.lang.NullPointerException: Cannot invoke "java.io.BufferedWriter.write(String)" because "this.writer" is null
	at Utlilities.Log4jListener.WriteToHTML(Log4jListener.java:84)
	at Utlilities.UserActions.Click(UserActions.java:15)
	at POMs.DemoWebshop_HomePage.ClickLoginTab(DemoWebshop_HomePage.java:41)
	at TestExecution.DemoWebShop_OrderItem.Launch_And_Login(DemoWebShop_OrderItem.java:20)
	at java.base/jdk.internal.reflect.DirectMethodHandleAccessor.invoke(DirectMethodHandleAccessor.java:103)
	at java.base/java.lang.reflect.Method.invoke(Method.java:580)
	at org.testng.internal.MethodInvocationHelper.invokeMethod(MethodInvocationHelper.java:133)
	at org.testng.internal.TestInvoker.invokeMethod(TestInvoker.java:598)
	at org.testng.internal.TestInvoker.invokeTestMethod(TestInvoker.java:173)
	at org.testng.internal.MethodRunner.runInSequence(MethodRunner.java:46)
	at org.testng.internal.TestInvoker$MethodInvocationAgent.invoke(TestInvoker.java:824)
	at org.testng.internal.TestInvoker.invokeTestMethods(TestInvoker.java:146)
	at org.testng.internal.TestMethodWorker.invokeTestMethods(TestMethodWorker.java:146)
	at org.testng.internal.TestMethodWorker.run(TestMethodWorker.java:128)
	at java.base/java.util.concurrent.ThreadPoolExecutor.runWorker(ThreadPoolExecutor.java:1144)
	at java.base/java.util.concurrent.ThreadPoolExecutor$Worker.run(ThreadPoolExecutor.java:642)
	at java.base/java.lang.Thread.run(Thread.java:1583)
2024-09-02 22:09:16 INFO  Log4jListener:43 - Test Suite finished: Test
2024-09-02 22:18:50 INFO  Log4jListener:28 - Test Suite started: Test
2024-09-02 22:18:50 INFO  Log4jListener:51 - Test started: Launch_And_Login
2024-09-02 22:19:01 ERROR Log4jListener:63 - Test failed: Launch_And_Login
java.lang.NullPointerException: Cannot invoke "java.io.BufferedWriter.write(String)" because "this.writer" is null
	at Utlilities.Log4jListener.WriteToHTML(Log4jListener.java:84)
	at Utlilities.UserActions.Click(UserActions.java:19)
	at POMs.DemoWebshop_HomePage.ClickLoginTab(DemoWebshop_HomePage.java:44)
	at TestExecution.DemoWebShop_OrderItem.Launch_And_Login(DemoWebShop_OrderItem.java:20)
	at java.base/jdk.internal.reflect.DirectMethodHandleAccessor.invoke(DirectMethodHandleAccessor.java:103)
	at java.base/java.lang.reflect.Method.invoke(Method.java:580)
	at org.testng.internal.MethodInvocationHelper.invokeMethod(MethodInvocationHelper.java:133)
	at org.testng.internal.TestInvoker.invokeMethod(TestInvoker.java:598)
	at org.testng.internal.TestInvoker.invokeTestMethod(TestInvoker.java:173)
	at org.testng.internal.MethodRunner.runInSequence(MethodRunner.java:46)
	at org.testng.internal.TestInvoker$MethodInvocationAgent.invoke(TestInvoker.java:824)
	at org.testng.internal.TestInvoker.invokeTestMethods(TestInvoker.java:146)
	at org.testng.internal.TestMethodWorker.invokeTestMethods(TestMethodWorker.java:146)
	at org.testng.internal.TestMethodWorker.run(TestMethodWorker.java:128)
	at java.base/java.util.concurrent.ThreadPoolExecutor.runWorker(ThreadPoolExecutor.java:1144)
	at java.base/java.util.concurrent.ThreadPoolExecutor$Worker.run(ThreadPoolExecutor.java:642)
	at java.base/java.lang.Thread.run(Thread.java:1583)
2024-09-02 22:19:01 INFO  Log4jListener:43 - Test Suite finished: Test
2024-09-02 22:23:16 INFO  Log4jListener:28 - Test Suite started: Test
2024-09-02 22:23:16 INFO  Log4jListener:51 - Test started: Launch_And_Login
2024-09-02 22:23:26 ERROR Log4jListener:63 - Test failed: Launch_And_Login
java.lang.NullPointerException: Cannot invoke "java.io.BufferedWriter.write(String)" because "this.writer" is null
	at Utlilities.UserActions.Click(UserActions.java:19)
	at POMs.DemoWebshop_HomePage.ClickLoginTab(DemoWebshop_HomePage.java:44)
	at TestExecution.DemoWebShop_OrderItem.Launch_And_Login(DemoWebShop_OrderItem.java:20)
	at java.base/jdk.internal.reflect.DirectMethodHandleAccessor.invoke(DirectMethodHandleAccessor.java:103)
	at java.base/java.lang.reflect.Method.invoke(Method.java:580)
	at org.testng.internal.MethodInvocationHelper.invokeMethod(MethodInvocationHelper.java:133)
	at org.testng.internal.TestInvoker.invokeMethod(TestInvoker.java:598)
	at org.testng.internal.TestInvoker.invokeTestMethod(TestInvoker.java:173)
	at org.testng.internal.MethodRunner.runInSequence(MethodRunner.java:46)
	at org.testng.internal.TestInvoker$MethodInvocationAgent.invoke(TestInvoker.java:824)
	at org.testng.internal.TestInvoker.invokeTestMethods(TestInvoker.java:146)
	at org.testng.internal.TestMethodWorker.invokeTestMethods(TestMethodWorker.java:146)
	at org.testng.internal.TestMethodWorker.run(TestMethodWorker.java:128)
	at java.base/java.util.concurrent.ThreadPoolExecutor.runWorker(ThreadPoolExecutor.java:1144)
	at java.base/java.util.concurrent.ThreadPoolExecutor$Worker.run(ThreadPoolExecutor.java:642)
	at java.base/java.lang.Thread.run(Thread.java:1583)
2024-09-02 22:23:26 INFO  Log4jListener:43 - Test Suite finished: Test
2024-09-02 22:25:26 INFO  Log4jListener:28 - Test Suite started: Test
2024-09-02 22:25:26 INFO  Log4jListener:51 - Test started: Launch_And_Login
2024-09-02 22:25:41 INFO  Log4jListener:57 - Test passed: Launch_And_Login
2024-09-02 22:25:41 INFO  Log4jListener:43 - Test Suite finished: Test
2024-09-07 20:18:11 INFO  Log4jListener:28 - Test Suite started: Test
2024-09-07 20:18:11 INFO  Log4jListener:51 - Test started: Launch_And_Login
2024-09-07 20:18:24 INFO  Log4jListener:57 - Test passed: Launch_And_Login
2024-09-07 20:18:24 INFO  Log4jListener:51 - Test started: AddToCart
2024-09-07 20:18:26 ERROR Log4jListener:63 - Test failed: AddToCart
org.openqa.selenium.ElementNotInteractableException: Element <a href="/computing-and-internet"> could not be scrolled into view
Build info: version: '4.1.0', revision: '87802e897b'
System info: host: 'MANIBEEEE', ip: '192.168.181.242', os.name: 'Windows 11', os.arch: 'amd64', os.version: '10.0', java.version: '21.0.3'
Driver info: org.openqa.selenium.firefox.FirefoxDriver
Command: [121f30f0-b657-4bfe-8cc0-16d37685d28f, clickElement {id=3ac0234a-d803-40eb-b2ce-0a54c4b6ec64}]
Capabilities {acceptInsecureCerts: true, browserName: firefox, browserVersion: 130.0, javascriptEnabled: true, moz:accessibilityChecks: false, moz:buildID: 20240829075237, moz:geckodriverVersion: 0.34.0, moz:headless: false, moz:platformVersion: 10.0, moz:processID: 9464, moz:profile: C:\Users\swats\AppData\Loca..., moz:shutdownTimeout: 60000, moz:webdriverClick: true, moz:windowless: false, pageLoadStrategy: normal, platform: WINDOWS, platformName: WINDOWS, proxy: Proxy(), setWindowRect: true, strictFileInteractability: false, timeouts: {implicit: 0, pageLoad: 300000, script: 30000}, unhandledPromptBehavior: dismiss and notify, userAgent: Mozilla/5.0 (Windows NT 10....}
Element: [[FirefoxDriver: firefox on WINDOWS (121f30f0-b657-4bfe-8cc0-16d37685d28f)] -> xpath: //*[text()='Computing and Internet']]
Session ID: 121f30f0-b657-4bfe-8cc0-16d37685d28f
	at java.base/jdk.internal.reflect.DirectConstructorHandleAccessor.newInstance(DirectConstructorHandleAccessor.java:62)
	at java.base/java.lang.reflect.Constructor.newInstanceWithCaller(Constructor.java:502)
	at java.base/java.lang.reflect.Constructor.newInstance(Constructor.java:486)
	at org.openqa.selenium.remote.codec.w3c.W3CHttpResponseCodec.createException(W3CHttpResponseCodec.java:200)
	at org.openqa.selenium.remote.codec.w3c.W3CHttpResponseCodec.decode(W3CHttpResponseCodec.java:133)
	at org.openqa.selenium.remote.codec.w3c.W3CHttpResponseCodec.decode(W3CHttpResponseCodec.java:53)
	at org.openqa.selenium.remote.HttpCommandExecutor.execute(HttpCommandExecutor.java:184)
	at org.openqa.selenium.remote.service.DriverCommandExecutor.invokeExecute(DriverCommandExecutor.java:164)
	at org.openqa.selenium.remote.service.DriverCommandExecutor.execute(DriverCommandExecutor.java:139)
	at org.openqa.selenium.remote.RemoteWebDriver.execute(RemoteWebDriver.java:559)
	at org.openqa.selenium.remote.RemoteWebElement.execute(RemoteWebElement.java:251)
	at org.openqa.selenium.remote.RemoteWebElement.click(RemoteWebElement.java:77)
	at java.base/jdk.internal.reflect.DirectMethodHandleAccessor.invoke(DirectMethodHandleAccessor.java:103)
	at java.base/java.lang.reflect.Method.invoke(Method.java:580)
	at org.openqa.selenium.support.pagefactory.internal.LocatingElementHandler.invoke(LocatingElementHandler.java:52)
	at jdk.proxy2/jdk.proxy2.$Proxy15.click(Unknown Source)
	at Utlilities.UserActions.Click(UserActions.java:19)
	at POMs.DemoWebshop_AddingToCart.SelectBook1(DemoWebshop_AddingToCart.java:59)
	at POMs.DemoWebshop_AddingToCart.AddBooksToCart(DemoWebshop_AddingToCart.java:104)
	at TestExecution.DemoWebShop_OrderItem.AddToCart(DemoWebShop_OrderItem.java:30)
	at java.base/jdk.internal.reflect.DirectMethodHandleAccessor.invoke(DirectMethodHandleAccessor.java:103)
	at java.base/java.lang.reflect.Method.invoke(Method.java:580)
	at org.testng.internal.MethodInvocationHelper.invokeMethod(MethodInvocationHelper.java:133)
	at org.testng.internal.TestInvoker.invokeMethod(TestInvoker.java:598)
	at org.testng.internal.TestInvoker.invokeTestMethod(TestInvoker.java:173)
	at org.testng.internal.MethodRunner.runInSequence(MethodRunner.java:46)
	at org.testng.internal.TestInvoker$MethodInvocationAgent.invoke(TestInvoker.java:824)
	at org.testng.internal.TestInvoker.invokeTestMethods(TestInvoker.java:146)
	at org.testng.internal.TestMethodWorker.invokeTestMethods(TestMethodWorker.java:146)
	at org.testng.internal.TestMethodWorker.run(TestMethodWorker.java:128)
	at java.base/java.util.concurrent.ThreadPoolExecutor.runWorker(ThreadPoolExecutor.java:1144)
	at java.base/java.util.concurrent.ThreadPoolExecutor$Worker.run(ThreadPoolExecutor.java:642)
	at java.base/java.lang.Thread.run(Thread.java:1583)
2024-09-07 20:18:26 INFO  Log4jListener:43 - Test Suite finished: Test
2024-09-07 20:28:24 INFO  Log4jListener:28 - Test Suite started: Test
2024-09-07 20:28:24 INFO  Log4jListener:51 - Test started: Launch_And_Login
2024-09-07 20:28:32 ERROR Log4jListener:63 - Test failed: Launch_And_Login
java.lang.NullPointerException: Cannot invoke "org.openqa.selenium.JavascriptExecutor.executeScript(String, Object[])" because "this.js" is null
	at Utlilities.UserActions.Click(UserActions.java:22)
	at POMs.DemoWebshop_HomePage.ClickLoginTab(DemoWebshop_HomePage.java:44)
	at TestExecution.DemoWebShop_OrderItem.Launch_And_Login(DemoWebShop_OrderItem.java:24)
	at java.base/jdk.internal.reflect.DirectMethodHandleAccessor.invoke(DirectMethodHandleAccessor.java:103)
	at java.base/java.lang.reflect.Method.invoke(Method.java:580)
	at org.testng.internal.MethodInvocationHelper.invokeMethod(MethodInvocationHelper.java:133)
	at org.testng.internal.TestInvoker.invokeMethod(TestInvoker.java:598)
	at org.testng.internal.TestInvoker.invokeTestMethod(TestInvoker.java:173)
	at org.testng.internal.MethodRunner.runInSequence(MethodRunner.java:46)
	at org.testng.internal.TestInvoker$MethodInvocationAgent.invoke(TestInvoker.java:824)
	at org.testng.internal.TestInvoker.invokeTestMethods(TestInvoker.java:146)
	at org.testng.internal.TestMethodWorker.invokeTestMethods(TestMethodWorker.java:146)
	at org.testng.internal.TestMethodWorker.run(TestMethodWorker.java:128)
	at java.base/java.util.concurrent.ThreadPoolExecutor.runWorker(ThreadPoolExecutor.java:1144)
	at java.base/java.util.concurrent.ThreadPoolExecutor$Worker.run(ThreadPoolExecutor.java:642)
	at java.base/java.lang.Thread.run(Thread.java:1583)
2024-09-07 20:28:32 INFO  Log4jListener:51 - Test started: AddToCart
2024-09-07 20:28:32 WARN  Log4jListener:70 - Test skipped: AddToCart
2024-09-07 20:28:32 INFO  Log4jListener:43 - Test Suite finished: Test
2024-09-07 20:29:53 INFO  Log4jListener:28 - Test Suite started: Test
2024-09-07 20:29:53 INFO  Log4jListener:51 - Test started: Launch_And_Login
2024-09-07 20:30:00 ERROR Log4jListener:63 - Test failed: Launch_And_Login
java.lang.NullPointerException: Cannot invoke "org.openqa.selenium.JavascriptExecutor.executeScript(String, Object[])" because "this.js" is null
	at Utlilities.UserActions.Click(UserActions.java:23)
	at POMs.DemoWebshop_HomePage.ClickLoginTab(DemoWebshop_HomePage.java:44)
	at TestExecution.DemoWebShop_OrderItem.Launch_And_Login(DemoWebShop_OrderItem.java:24)
	at java.base/jdk.internal.reflect.DirectMethodHandleAccessor.invoke(DirectMethodHandleAccessor.java:103)
	at java.base/java.lang.reflect.Method.invoke(Method.java:580)
	at org.testng.internal.MethodInvocationHelper.invokeMethod(MethodInvocationHelper.java:133)
	at org.testng.internal.TestInvoker.invokeMethod(TestInvoker.java:598)
	at org.testng.internal.TestInvoker.invokeTestMethod(TestInvoker.java:173)
	at org.testng.internal.MethodRunner.runInSequence(MethodRunner.java:46)
	at org.testng.internal.TestInvoker$MethodInvocationAgent.invoke(TestInvoker.java:824)
	at org.testng.internal.TestInvoker.invokeTestMethods(TestInvoker.java:146)
	at org.testng.internal.TestMethodWorker.invokeTestMethods(TestMethodWorker.java:146)
	at org.testng.internal.TestMethodWorker.run(TestMethodWorker.java:128)
	at java.base/java.util.concurrent.ThreadPoolExecutor.runWorker(ThreadPoolExecutor.java:1144)
	at java.base/java.util.concurrent.ThreadPoolExecutor$Worker.run(ThreadPoolExecutor.java:642)
	at java.base/java.lang.Thread.run(Thread.java:1583)
2024-09-07 20:30:00 INFO  Log4jListener:51 - Test started: AddToCart
2024-09-07 20:30:00 WARN  Log4jListener:70 - Test skipped: AddToCart
2024-09-07 20:30:00 INFO  Log4jListener:43 - Test Suite finished: Test
2024-09-07 20:31:09 INFO  Log4jListener:28 - Test Suite started: Test
2024-09-07 20:31:09 INFO  Log4jListener:51 - Test started: Launch_And_Login
2024-09-07 20:31:16 ERROR Log4jListener:63 - Test failed: Launch_And_Login
java.lang.NullPointerException: Cannot invoke "org.openqa.selenium.JavascriptExecutor.executeScript(String, Object[])" because "Utlilities.UserActions.js" is null
	at Utlilities.UserActions.Click(UserActions.java:23)
	at POMs.DemoWebshop_HomePage.ClickLoginTab(DemoWebshop_HomePage.java:44)
	at TestExecution.DemoWebShop_OrderItem.Launch_And_Login(DemoWebShop_OrderItem.java:24)
	at java.base/jdk.internal.reflect.DirectMethodHandleAccessor.invoke(DirectMethodHandleAccessor.java:103)
	at java.base/java.lang.reflect.Method.invoke(Method.java:580)
	at org.testng.internal.MethodInvocationHelper.invokeMethod(MethodInvocationHelper.java:133)
	at org.testng.internal.TestInvoker.invokeMethod(TestInvoker.java:598)
	at org.testng.internal.TestInvoker.invokeTestMethod(TestInvoker.java:173)
	at org.testng.internal.MethodRunner.runInSequence(MethodRunner.java:46)
	at org.testng.internal.TestInvoker$MethodInvocationAgent.invoke(TestInvoker.java:824)
	at org.testng.internal.TestInvoker.invokeTestMethods(TestInvoker.java:146)
	at org.testng.internal.TestMethodWorker.invokeTestMethods(TestMethodWorker.java:146)
	at org.testng.internal.TestMethodWorker.run(TestMethodWorker.java:128)
	at java.base/java.util.concurrent.ThreadPoolExecutor.runWorker(ThreadPoolExecutor.java:1144)
	at java.base/java.util.concurrent.ThreadPoolExecutor$Worker.run(ThreadPoolExecutor.java:642)
	at java.base/java.lang.Thread.run(Thread.java:1583)
2024-09-07 20:31:16 INFO  Log4jListener:51 - Test started: AddToCart
2024-09-07 20:31:16 WARN  Log4jListener:70 - Test skipped: AddToCart
2024-09-07 20:31:16 INFO  Log4jListener:43 - Test Suite finished: Test
2024-09-07 20:32:24 INFO  Log4jListener:28 - Test Suite started: Test
2024-09-07 20:32:24 INFO  Log4jListener:51 - Test started: Launch_And_Login
2024-09-07 20:32:31 ERROR Log4jListener:63 - Test failed: Launch_And_Login
java.lang.NullPointerException: Cannot invoke "org.openqa.selenium.JavascriptExecutor.executeScript(String, Object[])" because "js" is null
	at Utlilities.UserActions.Click(UserActions.java:23)
	at POMs.DemoWebshop_HomePage.ClickLoginTab(DemoWebshop_HomePage.java:44)
	at TestExecution.DemoWebShop_OrderItem.Launch_And_Login(DemoWebShop_OrderItem.java:24)
	at java.base/jdk.internal.reflect.DirectMethodHandleAccessor.invoke(DirectMethodHandleAccessor.java:103)
	at java.base/java.lang.reflect.Method.invoke(Method.java:580)
	at org.testng.internal.MethodInvocationHelper.invokeMethod(MethodInvocationHelper.java:133)
	at org.testng.internal.TestInvoker.invokeMethod(TestInvoker.java:598)
	at org.testng.internal.TestInvoker.invokeTestMethod(TestInvoker.java:173)
	at org.testng.internal.MethodRunner.runInSequence(MethodRunner.java:46)
	at org.testng.internal.TestInvoker$MethodInvocationAgent.invoke(TestInvoker.java:824)
	at org.testng.internal.TestInvoker.invokeTestMethods(TestInvoker.java:146)
	at org.testng.internal.TestMethodWorker.invokeTestMethods(TestMethodWorker.java:146)
	at org.testng.internal.TestMethodWorker.run(TestMethodWorker.java:128)
	at java.base/java.util.concurrent.ThreadPoolExecutor.runWorker(ThreadPoolExecutor.java:1144)
	at java.base/java.util.concurrent.ThreadPoolExecutor$Worker.run(ThreadPoolExecutor.java:642)
	at java.base/java.lang.Thread.run(Thread.java:1583)
2024-09-07 20:32:31 INFO  Log4jListener:51 - Test started: AddToCart
2024-09-07 20:32:31 WARN  Log4jListener:70 - Test skipped: AddToCart
2024-09-07 20:32:31 INFO  Log4jListener:43 - Test Suite finished: Test
2024-09-07 20:33:50 INFO  Log4jListener:28 - Test Suite started: Test
2024-09-07 20:33:50 INFO  Log4jListener:51 - Test started: Launch_And_Login
2024-09-07 20:33:58 ERROR Log4jListener:63 - Test failed: Launch_And_Login
java.lang.NullPointerException: Cannot invoke "org.openqa.selenium.JavascriptExecutor.executeScript(String, Object[])" because "js" is null
	at Utlilities.UserActions.Click(UserActions.java:23)
	at POMs.DemoWebshop_HomePage.ClickLoginTab(DemoWebshop_HomePage.java:44)
	at TestExecution.DemoWebShop_OrderItem.Launch_And_Login(DemoWebShop_OrderItem.java:24)
	at java.base/jdk.internal.reflect.DirectMethodHandleAccessor.invoke(DirectMethodHandleAccessor.java:103)
	at java.base/java.lang.reflect.Method.invoke(Method.java:580)
	at org.testng.internal.MethodInvocationHelper.invokeMethod(MethodInvocationHelper.java:133)
	at org.testng.internal.TestInvoker.invokeMethod(TestInvoker.java:598)
	at org.testng.internal.TestInvoker.invokeTestMethod(TestInvoker.java:173)
	at org.testng.internal.MethodRunner.runInSequence(MethodRunner.java:46)
	at org.testng.internal.TestInvoker$MethodInvocationAgent.invoke(TestInvoker.java:824)
	at org.testng.internal.TestInvoker.invokeTestMethods(TestInvoker.java:146)
	at org.testng.internal.TestMethodWorker.invokeTestMethods(TestMethodWorker.java:146)
	at org.testng.internal.TestMethodWorker.run(TestMethodWorker.java:128)
	at java.base/java.util.concurrent.ThreadPoolExecutor.runWorker(ThreadPoolExecutor.java:1144)
	at java.base/java.util.concurrent.ThreadPoolExecutor$Worker.run(ThreadPoolExecutor.java:642)
	at java.base/java.lang.Thread.run(Thread.java:1583)
2024-09-07 20:33:58 INFO  Log4jListener:51 - Test started: AddToCart
2024-09-07 20:33:58 WARN  Log4jListener:70 - Test skipped: AddToCart
2024-09-07 20:33:58 INFO  Log4jListener:43 - Test Suite finished: Test
2024-09-07 20:36:36 INFO  Log4jListener:28 - Test Suite started: Test
2024-09-07 20:36:36 INFO  Log4jListener:51 - Test started: Launch_And_Login
2024-09-07 20:36:43 ERROR Log4jListener:63 - Test failed: Launch_And_Login
java.lang.NullPointerException: Cannot invoke "org.openqa.selenium.JavascriptExecutor.executeScript(String, Object[])" because "Utlilities.UserActions.js" is null
	at Utlilities.UserActions.Click(UserActions.java:23)
	at POMs.DemoWebshop_HomePage.ClickLoginTab(DemoWebshop_HomePage.java:44)
	at TestExecution.DemoWebShop_OrderItem.Launch_And_Login(DemoWebShop_OrderItem.java:24)
	at java.base/jdk.internal.reflect.DirectMethodHandleAccessor.invoke(DirectMethodHandleAccessor.java:103)
	at java.base/java.lang.reflect.Method.invoke(Method.java:580)
	at org.testng.internal.MethodInvocationHelper.invokeMethod(MethodInvocationHelper.java:133)
	at org.testng.internal.TestInvoker.invokeMethod(TestInvoker.java:598)
	at org.testng.internal.TestInvoker.invokeTestMethod(TestInvoker.java:173)
	at org.testng.internal.MethodRunner.runInSequence(MethodRunner.java:46)
	at org.testng.internal.TestInvoker$MethodInvocationAgent.invoke(TestInvoker.java:824)
	at org.testng.internal.TestInvoker.invokeTestMethods(TestInvoker.java:146)
	at org.testng.internal.TestMethodWorker.invokeTestMethods(TestMethodWorker.java:146)
	at org.testng.internal.TestMethodWorker.run(TestMethodWorker.java:128)
	at java.base/java.util.concurrent.ThreadPoolExecutor.runWorker(ThreadPoolExecutor.java:1144)
	at java.base/java.util.concurrent.ThreadPoolExecutor$Worker.run(ThreadPoolExecutor.java:642)
	at java.base/java.lang.Thread.run(Thread.java:1583)
2024-09-07 20:36:43 INFO  Log4jListener:51 - Test started: AddToCart
2024-09-07 20:36:43 WARN  Log4jListener:70 - Test skipped: AddToCart
2024-09-07 20:36:43 INFO  Log4jListener:43 - Test Suite finished: Test
2024-09-07 20:41:56 INFO  Log4jListener:28 - Test Suite started: Test
2024-09-07 20:41:57 INFO  Log4jListener:51 - Test started: Launch_And_Login
2024-09-07 20:42:10 INFO  Log4jListener:57 - Test passed: Launch_And_Login
2024-09-07 20:42:10 INFO  Log4jListener:51 - Test started: AddToCart
2024-09-07 20:42:11 ERROR Log4jListener:63 - Test failed: AddToCart
org.openqa.selenium.ElementNotInteractableException: Element <a href="/computing-and-internet"> could not be scrolled into view
Build info: version: '4.1.0', revision: '87802e897b'
System info: host: 'MANIBEEEE', ip: '192.168.181.242', os.name: 'Windows 11', os.arch: 'amd64', os.version: '10.0', java.version: '21.0.3'
Driver info: org.openqa.selenium.firefox.FirefoxDriver
Command: [d3893c52-e9e2-4e30-b18e-73535d60723e, clickElement {id=a813413e-ac0a-4ef2-a545-5aeb8fc22f3b}]
Capabilities {acceptInsecureCerts: true, browserName: firefox, browserVersion: 130.0, javascriptEnabled: true, moz:accessibilityChecks: false, moz:buildID: 20240829075237, moz:geckodriverVersion: 0.34.0, moz:headless: false, moz:platformVersion: 10.0, moz:processID: 21488, moz:profile: C:\Users\swats\AppData\Loca..., moz:shutdownTimeout: 60000, moz:webdriverClick: true, moz:windowless: false, pageLoadStrategy: normal, platform: WINDOWS, platformName: WINDOWS, proxy: Proxy(), setWindowRect: true, strictFileInteractability: false, timeouts: {implicit: 0, pageLoad: 300000, script: 30000}, unhandledPromptBehavior: dismiss and notify, userAgent: Mozilla/5.0 (Windows NT 10....}
Element: [[FirefoxDriver: firefox on WINDOWS (d3893c52-e9e2-4e30-b18e-73535d60723e)] -> xpath: //*[text()='Computing and Internet']]
Session ID: d3893c52-e9e2-4e30-b18e-73535d60723e
	at java.base/jdk.internal.reflect.DirectConstructorHandleAccessor.newInstance(DirectConstructorHandleAccessor.java:62)
	at java.base/java.lang.reflect.Constructor.newInstanceWithCaller(Constructor.java:502)
	at java.base/java.lang.reflect.Constructor.newInstance(Constructor.java:486)
	at org.openqa.selenium.remote.codec.w3c.W3CHttpResponseCodec.createException(W3CHttpResponseCodec.java:200)
	at org.openqa.selenium.remote.codec.w3c.W3CHttpResponseCodec.decode(W3CHttpResponseCodec.java:133)
	at org.openqa.selenium.remote.codec.w3c.W3CHttpResponseCodec.decode(W3CHttpResponseCodec.java:53)
	at org.openqa.selenium.remote.HttpCommandExecutor.execute(HttpCommandExecutor.java:184)
	at org.openqa.selenium.remote.service.DriverCommandExecutor.invokeExecute(DriverCommandExecutor.java:164)
	at org.openqa.selenium.remote.service.DriverCommandExecutor.execute(DriverCommandExecutor.java:139)
	at org.openqa.selenium.remote.RemoteWebDriver.execute(RemoteWebDriver.java:559)
	at org.openqa.selenium.remote.RemoteWebElement.execute(RemoteWebElement.java:251)
	at org.openqa.selenium.remote.RemoteWebElement.click(RemoteWebElement.java:77)
	at java.base/jdk.internal.reflect.DirectMethodHandleAccessor.invoke(DirectMethodHandleAccessor.java:103)
	at java.base/java.lang.reflect.Method.invoke(Method.java:580)
	at org.openqa.selenium.support.pagefactory.internal.LocatingElementHandler.invoke(LocatingElementHandler.java:52)
	at jdk.proxy2/jdk.proxy2.$Proxy15.click(Unknown Source)
	at Utlilities.UserActions.Click(UserActions.java:24)
	at POMs.DemoWebshop_AddingToCart.SelectBook1(DemoWebshop_AddingToCart.java:62)
	at POMs.DemoWebshop_AddingToCart.AddBooksToCart(DemoWebshop_AddingToCart.java:114)
	at TestExecution.DemoWebShop_OrderItem.AddToCart(DemoWebShop_OrderItem.java:31)
	at java.base/jdk.internal.reflect.DirectMethodHandleAccessor.invoke(DirectMethodHandleAccessor.java:103)
	at java.base/java.lang.reflect.Method.invoke(Method.java:580)
	at org.testng.internal.MethodInvocationHelper.invokeMethod(MethodInvocationHelper.java:133)
	at org.testng.internal.TestInvoker.invokeMethod(TestInvoker.java:598)
	at org.testng.internal.TestInvoker.invokeTestMethod(TestInvoker.java:173)
	at org.testng.internal.MethodRunner.runInSequence(MethodRunner.java:46)
	at org.testng.internal.TestInvoker$MethodInvocationAgent.invoke(TestInvoker.java:824)
	at org.testng.internal.TestInvoker.invokeTestMethods(TestInvoker.java:146)
	at org.testng.internal.TestMethodWorker.invokeTestMethods(TestMethodWorker.java:146)
	at org.testng.internal.TestMethodWorker.run(TestMethodWorker.java:128)
	at java.base/java.util.concurrent.ThreadPoolExecutor.runWorker(ThreadPoolExecutor.java:1144)
	at java.base/java.util.concurrent.ThreadPoolExecutor$Worker.run(ThreadPoolExecutor.java:642)
	at java.base/java.lang.Thread.run(Thread.java:1583)
2024-09-07 20:42:11 INFO  Log4jListener:43 - Test Suite finished: Test
2024-09-07 21:27:30 INFO  Log4jListener:28 - Test Suite started: Test
2024-09-07 21:27:30 INFO  Log4jListener:51 - Test started: Launch_And_Login
2024-09-07 21:27:53 INFO  Log4jListener:57 - Test passed: Launch_And_Login
2024-09-07 21:27:53 INFO  Log4jListener:51 - Test started: AddToCart
2024-09-07 21:27:55 ERROR Log4jListener:63 - Test failed: AddToCart
org.openqa.selenium.ElementNotInteractableException: Element <a href="/computing-and-internet"> could not be scrolled into view
Build info: version: '4.1.0', revision: '87802e897b'
System info: host: 'MANIBEEEE', ip: '192.168.181.242', os.name: 'Windows 11', os.arch: 'amd64', os.version: '10.0', java.version: '21.0.3'
Driver info: org.openqa.selenium.firefox.FirefoxDriver
Command: [68d5448a-c78e-423e-8f5e-3dcc9336f349, clickElement {id=8f593b4e-5832-4714-b325-f53b2a49becf}]
Capabilities {acceptInsecureCerts: true, browserName: firefox, browserVersion: 130.0, javascriptEnabled: true, moz:accessibilityChecks: false, moz:buildID: 20240829075237, moz:geckodriverVersion: 0.34.0, moz:headless: false, moz:platformVersion: 10.0, moz:processID: 20528, moz:profile: C:\Users\swats\AppData\Loca..., moz:shutdownTimeout: 60000, moz:webdriverClick: true, moz:windowless: false, pageLoadStrategy: normal, platform: WINDOWS, platformName: WINDOWS, proxy: Proxy(), setWindowRect: true, strictFileInteractability: false, timeouts: {implicit: 0, pageLoad: 300000, script: 30000}, unhandledPromptBehavior: dismiss and notify, userAgent: Mozilla/5.0 (Windows NT 10....}
Element: [[FirefoxDriver: firefox on WINDOWS (68d5448a-c78e-423e-8f5e-3dcc9336f349)] -> xpath: //*[text()='Computing and Internet']]
Session ID: 68d5448a-c78e-423e-8f5e-3dcc9336f349
	at java.base/jdk.internal.reflect.DirectConstructorHandleAccessor.newInstance(DirectConstructorHandleAccessor.java:62)
	at java.base/java.lang.reflect.Constructor.newInstanceWithCaller(Constructor.java:502)
	at java.base/java.lang.reflect.Constructor.newInstance(Constructor.java:486)
	at org.openqa.selenium.remote.codec.w3c.W3CHttpResponseCodec.createException(W3CHttpResponseCodec.java:200)
	at org.openqa.selenium.remote.codec.w3c.W3CHttpResponseCodec.decode(W3CHttpResponseCodec.java:133)
	at org.openqa.selenium.remote.codec.w3c.W3CHttpResponseCodec.decode(W3CHttpResponseCodec.java:53)
	at org.openqa.selenium.remote.HttpCommandExecutor.execute(HttpCommandExecutor.java:184)
	at org.openqa.selenium.remote.service.DriverCommandExecutor.invokeExecute(DriverCommandExecutor.java:164)
	at org.openqa.selenium.remote.service.DriverCommandExecutor.execute(DriverCommandExecutor.java:139)
	at org.openqa.selenium.remote.RemoteWebDriver.execute(RemoteWebDriver.java:559)
	at org.openqa.selenium.remote.RemoteWebElement.execute(RemoteWebElement.java:251)
	at org.openqa.selenium.remote.RemoteWebElement.click(RemoteWebElement.java:77)
	at java.base/jdk.internal.reflect.DirectMethodHandleAccessor.invoke(DirectMethodHandleAccessor.java:103)
	at java.base/java.lang.reflect.Method.invoke(Method.java:580)
	at org.openqa.selenium.support.pagefactory.internal.LocatingElementHandler.invoke(LocatingElementHandler.java:52)
	at jdk.proxy2/jdk.proxy2.$Proxy15.click(Unknown Source)
	at Utlilities.UserActions.Click(UserActions.java:24)
	at POMs.DemoWebshop_AddingToCart.SelectBook1(DemoWebshop_AddingToCart.java:62)
	at POMs.DemoWebshop_AddingToCart.AddBooksToCart(DemoWebshop_AddingToCart.java:114)
	at TestExecution.DemoWebShop_OrderItem.AddToCart(DemoWebShop_OrderItem.java:31)
	at java.base/jdk.internal.reflect.DirectMethodHandleAccessor.invoke(DirectMethodHandleAccessor.java:103)
	at java.base/java.lang.reflect.Method.invoke(Method.java:580)
	at org.testng.internal.MethodInvocationHelper.invokeMethod(MethodInvocationHelper.java:133)
	at org.testng.internal.TestInvoker.invokeMethod(TestInvoker.java:598)
	at org.testng.internal.TestInvoker.invokeTestMethod(TestInvoker.java:173)
	at org.testng.internal.MethodRunner.runInSequence(MethodRunner.java:46)
	at org.testng.internal.TestInvoker$MethodInvocationAgent.invoke(TestInvoker.java:824)
	at org.testng.internal.TestInvoker.invokeTestMethods(TestInvoker.java:146)
	at org.testng.internal.TestMethodWorker.invokeTestMethods(TestMethodWorker.java:146)
	at org.testng.internal.TestMethodWorker.run(TestMethodWorker.java:128)
	at java.base/java.util.concurrent.ThreadPoolExecutor.runWorker(ThreadPoolExecutor.java:1144)
	at java.base/java.util.concurrent.ThreadPoolExecutor$Worker.run(ThreadPoolExecutor.java:642)
	at java.base/java.lang.Thread.run(Thread.java:1583)
2024-09-07 21:27:55 INFO  Log4jListener:43 - Test Suite finished: Test
2024-09-07 21:37:21 INFO  Log4jListener:28 - Test Suite started: Test
2024-09-07 21:37:21 INFO  Log4jListener:51 - Test started: Launch_And_Login
2024-09-07 21:37:36 INFO  Log4jListener:57 - Test passed: Launch_And_Login
2024-09-07 21:37:36 INFO  Log4jListener:51 - Test started: AddToCart
2024-09-07 21:37:50 ERROR Log4jListener:63 - Test failed: AddToCart
org.openqa.selenium.NoSuchElementException: Unable to locate element: //*[@id='bar-notification']//p//a
For documentation on this error, please visit: https://selenium.dev/exceptions/#no_such_element
Build info: version: '4.1.0', revision: '87802e897b'
System info: host: 'MANIBEEEE', ip: '192.168.181.242', os.name: 'Windows 11', os.arch: 'amd64', os.version: '10.0', java.version: '21.0.3'
Driver info: org.openqa.selenium.firefox.FirefoxDriver
Command: [3e2241b1-6fa7-44f0-8245-ecfffe3b030f, findElement {using=xpath, value=//*[@id='bar-notification']//p//a}]
Capabilities {acceptInsecureCerts: true, browserName: firefox, browserVersion: 130.0, javascriptEnabled: true, moz:accessibilityChecks: false, moz:buildID: 20240829075237, moz:geckodriverVersion: 0.34.0, moz:headless: false, moz:platformVersion: 10.0, moz:processID: 12332, moz:profile: C:\Users\swats\AppData\Loca..., moz:shutdownTimeout: 60000, moz:webdriverClick: true, moz:windowless: false, pageLoadStrategy: normal, platform: WINDOWS, platformName: WINDOWS, proxy: Proxy(), setWindowRect: true, strictFileInteractability: false, timeouts: {implicit: 0, pageLoad: 300000, script: 30000}, unhandledPromptBehavior: dismiss and notify, userAgent: Mozilla/5.0 (Windows NT 10....}
Session ID: 3e2241b1-6fa7-44f0-8245-ecfffe3b030f
	at java.base/jdk.internal.reflect.DirectConstructorHandleAccessor.newInstance(DirectConstructorHandleAccessor.java:62)
	at java.base/java.lang.reflect.Constructor.newInstanceWithCaller(Constructor.java:502)
	at java.base/java.lang.reflect.Constructor.newInstance(Constructor.java:486)
	at org.openqa.selenium.remote.codec.w3c.W3CHttpResponseCodec.createException(W3CHttpResponseCodec.java:200)
	at org.openqa.selenium.remote.codec.w3c.W3CHttpResponseCodec.decode(W3CHttpResponseCodec.java:133)
	at org.openqa.selenium.remote.codec.w3c.W3CHttpResponseCodec.decode(W3CHttpResponseCodec.java:53)
	at org.openqa.selenium.remote.HttpCommandExecutor.execute(HttpCommandExecutor.java:184)
	at org.openqa.selenium.remote.service.DriverCommandExecutor.invokeExecute(DriverCommandExecutor.java:164)
	at org.openqa.selenium.remote.service.DriverCommandExecutor.execute(DriverCommandExecutor.java:139)
	at org.openqa.selenium.remote.RemoteWebDriver.execute(RemoteWebDriver.java:559)
	at org.openqa.selenium.remote.ElementLocation$ElementFinder$2.findElement(ElementLocation.java:162)
	at org.openqa.selenium.remote.ElementLocation.findElement(ElementLocation.java:60)
	at org.openqa.selenium.remote.RemoteWebDriver.findElement(RemoteWebDriver.java:383)
	at org.openqa.selenium.remote.RemoteWebDriver.findElement(RemoteWebDriver.java:375)
	at org.openqa.selenium.support.pagefactory.DefaultElementLocator.findElement(DefaultElementLocator.java:70)
	at org.openqa.selenium.support.pagefactory.internal.LocatingElementHandler.invoke(LocatingElementHandler.java:39)
	at jdk.proxy2/jdk.proxy2.$Proxy15.click(Unknown Source)
	at Utlilities.UserActions.Click(UserActions.java:24)
	at POMs.DemoWebshop_AddingToCart.ClickShoppingCart(DemoWebshop_AddingToCart.java:101)
	at POMs.DemoWebshop_AddingToCart.AddBooksToCart(DemoWebshop_AddingToCart.java:123)
	at TestExecution.DemoWebShop_OrderItem.AddToCart(DemoWebShop_OrderItem.java:31)
	at java.base/jdk.internal.reflect.DirectMethodHandleAccessor.invoke(DirectMethodHandleAccessor.java:103)
	at java.base/java.lang.reflect.Method.invoke(Method.java:580)
	at org.testng.internal.MethodInvocationHelper.invokeMethod(MethodInvocationHelper.java:133)
	at org.testng.internal.TestInvoker.invokeMethod(TestInvoker.java:598)
	at org.testng.internal.TestInvoker.invokeTestMethod(TestInvoker.java:173)
	at org.testng.internal.MethodRunner.runInSequence(MethodRunner.java:46)
	at org.testng.internal.TestInvoker$MethodInvocationAgent.invoke(TestInvoker.java:824)
	at org.testng.internal.TestInvoker.invokeTestMethods(TestInvoker.java:146)
	at org.testng.internal.TestMethodWorker.invokeTestMethods(TestMethodWorker.java:146)
	at org.testng.internal.TestMethodWorker.run(TestMethodWorker.java:128)
	at java.base/java.util.concurrent.ThreadPoolExecutor.runWorker(ThreadPoolExecutor.java:1144)
	at java.base/java.util.concurrent.ThreadPoolExecutor$Worker.run(ThreadPoolExecutor.java:642)
	at java.base/java.lang.Thread.run(Thread.java:1583)
2024-09-07 21:37:50 INFO  Log4jListener:43 - Test Suite finished: Test
2024-09-07 21:38:41 INFO  Log4jListener:28 - Test Suite started: Test
2024-09-07 21:38:41 INFO  Log4jListener:51 - Test started: Launch_And_Login
2024-09-07 21:38:56 INFO  Log4jListener:57 - Test passed: Launch_And_Login
2024-09-07 21:38:56 INFO  Log4jListener:51 - Test started: AddToCart
2024-09-07 21:39:09 ERROR Log4jListener:63 - Test failed: AddToCart
org.openqa.selenium.NoSuchElementException: Unable to locate element: //*[@id='bar-notification']//p//a
For documentation on this error, please visit: https://selenium.dev/exceptions/#no_such_element
Build info: version: '4.1.0', revision: '87802e897b'
System info: host: 'MANIBEEEE', ip: '192.168.181.242', os.name: 'Windows 11', os.arch: 'amd64', os.version: '10.0', java.version: '21.0.3'
Driver info: org.openqa.selenium.firefox.FirefoxDriver
Command: [34995e9b-6d45-4a08-a26f-ce7bb738e278, findElement {using=xpath, value=//*[@id='bar-notification']//p//a}]
Capabilities {acceptInsecureCerts: true, browserName: firefox, browserVersion: 130.0, javascriptEnabled: true, moz:accessibilityChecks: false, moz:buildID: 20240829075237, moz:geckodriverVersion: 0.34.0, moz:headless: false, moz:platformVersion: 10.0, moz:processID: 11496, moz:profile: C:\Users\swats\AppData\Loca..., moz:shutdownTimeout: 60000, moz:webdriverClick: true, moz:windowless: false, pageLoadStrategy: normal, platform: WINDOWS, platformName: WINDOWS, proxy: Proxy(), setWindowRect: true, strictFileInteractability: false, timeouts: {implicit: 0, pageLoad: 300000, script: 30000}, unhandledPromptBehavior: dismiss and notify, userAgent: Mozilla/5.0 (Windows NT 10....}
Session ID: 34995e9b-6d45-4a08-a26f-ce7bb738e278
	at java.base/jdk.internal.reflect.DirectConstructorHandleAccessor.newInstance(DirectConstructorHandleAccessor.java:62)
	at java.base/java.lang.reflect.Constructor.newInstanceWithCaller(Constructor.java:502)
	at java.base/java.lang.reflect.Constructor.newInstance(Constructor.java:486)
	at org.openqa.selenium.remote.codec.w3c.W3CHttpResponseCodec.createException(W3CHttpResponseCodec.java:200)
	at org.openqa.selenium.remote.codec.w3c.W3CHttpResponseCodec.decode(W3CHttpResponseCodec.java:133)
	at org.openqa.selenium.remote.codec.w3c.W3CHttpResponseCodec.decode(W3CHttpResponseCodec.java:53)
	at org.openqa.selenium.remote.HttpCommandExecutor.execute(HttpCommandExecutor.java:184)
	at org.openqa.selenium.remote.service.DriverCommandExecutor.invokeExecute(DriverCommandExecutor.java:164)
	at org.openqa.selenium.remote.service.DriverCommandExecutor.execute(DriverCommandExecutor.java:139)
	at org.openqa.selenium.remote.RemoteWebDriver.execute(RemoteWebDriver.java:559)
	at org.openqa.selenium.remote.ElementLocation$ElementFinder$2.findElement(ElementLocation.java:162)
	at org.openqa.selenium.remote.ElementLocation.findElement(ElementLocation.java:60)
	at org.openqa.selenium.remote.RemoteWebDriver.findElement(RemoteWebDriver.java:383)
	at org.openqa.selenium.remote.RemoteWebDriver.findElement(RemoteWebDriver.java:375)
	at org.openqa.selenium.support.pagefactory.DefaultElementLocator.findElement(DefaultElementLocator.java:70)
	at org.openqa.selenium.support.pagefactory.internal.LocatingElementHandler.invoke(LocatingElementHandler.java:39)
	at jdk.proxy2/jdk.proxy2.$Proxy15.click(Unknown Source)
	at Utlilities.UserActions.Click(UserActions.java:24)
	at POMs.DemoWebshop_AddingToCart.ClickShoppingCart(DemoWebshop_AddingToCart.java:101)
	at POMs.DemoWebshop_AddingToCart.AddBooksToCart(DemoWebshop_AddingToCart.java:125)
	at TestExecution.DemoWebShop_OrderItem.AddToCart(DemoWebShop_OrderItem.java:31)
	at java.base/jdk.internal.reflect.DirectMethodHandleAccessor.invoke(DirectMethodHandleAccessor.java:103)
	at java.base/java.lang.reflect.Method.invoke(Method.java:580)
	at org.testng.internal.MethodInvocationHelper.invokeMethod(MethodInvocationHelper.java:133)
	at org.testng.internal.TestInvoker.invokeMethod(TestInvoker.java:598)
	at org.testng.internal.TestInvoker.invokeTestMethod(TestInvoker.java:173)
	at org.testng.internal.MethodRunner.runInSequence(MethodRunner.java:46)
	at org.testng.internal.TestInvoker$MethodInvocationAgent.invoke(TestInvoker.java:824)
	at org.testng.internal.TestInvoker.invokeTestMethods(TestInvoker.java:146)
	at org.testng.internal.TestMethodWorker.invokeTestMethods(TestMethodWorker.java:146)
	at org.testng.internal.TestMethodWorker.run(TestMethodWorker.java:128)
	at java.base/java.util.concurrent.ThreadPoolExecutor.runWorker(ThreadPoolExecutor.java:1144)
	at java.base/java.util.concurrent.ThreadPoolExecutor$Worker.run(ThreadPoolExecutor.java:642)
	at java.base/java.lang.Thread.run(Thread.java:1583)
2024-09-07 21:39:09 INFO  Log4jListener:43 - Test Suite finished: Test
2024-09-07 21:45:14 INFO  Log4jListener:28 - Test Suite started: Test
2024-09-07 21:45:14 INFO  Log4jListener:51 - Test started: Launch_And_Login
2024-09-07 21:45:32 INFO  Log4jListener:57 - Test passed: Launch_And_Login
2024-09-07 21:45:32 INFO  Log4jListener:51 - Test started: AddToCart
2024-09-07 21:45:46 INFO  Log4jListener:57 - Test passed: AddToCart
2024-09-07 21:45:46 INFO  Log4jListener:43 - Test Suite finished: Test
2024-09-07 21:49:01 INFO  Log4jListener:28 - Test Suite started: Test
2024-09-07 21:49:02 INFO  Log4jListener:51 - Test started: Launch_And_Login
2024-09-07 21:49:21 INFO  Log4jListener:57 - Test passed: Launch_And_Login
2024-09-07 21:49:21 INFO  Log4jListener:51 - Test started: AddToCart
2024-09-07 21:49:37 INFO  Log4jListener:57 - Test passed: AddToCart
2024-09-07 21:49:37 INFO  Log4jListener:43 - Test Suite finished: Test
2024-09-07 21:54:54 INFO  Log4jListener:28 - Test Suite started: Test
2024-09-07 21:54:54 INFO  Log4jListener:51 - Test started: Launch_And_Login
2024-09-07 21:55:10 INFO  Log4jListener:57 - Test passed: Launch_And_Login
2024-09-07 21:55:10 INFO  Log4jListener:51 - Test started: AddToCart
2024-09-07 21:55:21 INFO  Log4jListener:57 - Test passed: AddToCart
2024-09-07 21:55:22 INFO  Log4jListener:43 - Test Suite finished: Test
2024-09-07 22:14:55 INFO  Log4jListener:28 - Test Suite started: Test
2024-09-07 22:14:55 INFO  Log4jListener:51 - Test started: Launch_And_Login
2024-09-07 22:15:12 INFO  Log4jListener:57 - Test passed: Launch_And_Login
2024-09-07 22:15:12 INFO  Log4jListener:51 - Test started: AddToCart
2024-09-07 22:15:28 INFO  Log4jListener:57 - Test passed: AddToCart
2024-09-07 22:15:28 INFO  Log4jListener:43 - Test Suite finished: Test
2024-09-08 20:55:20 INFO  Log4jListener:28 - Test Suite started: Test
2024-09-08 20:55:20 INFO  Log4jListener:51 - Test started: Launch_And_Login
2024-09-08 20:55:36 INFO  Log4jListener:57 - Test passed: Launch_And_Login
2024-09-08 20:55:36 INFO  Log4jListener:51 - Test started: AddToCart
2024-09-08 20:55:53 INFO  Log4jListener:57 - Test passed: AddToCart
2024-09-08 20:55:54 INFO  Log4jListener:43 - Test Suite finished: Test
2024-09-08 21:15:34 INFO  Log4jListener:28 - Test Suite started: Test
2024-09-08 21:15:34 INFO  Log4jListener:51 - Test started: Launch_And_Login
2024-09-08 21:15:51 INFO  Log4jListener:57 - Test passed: Launch_And_Login
2024-09-08 21:15:51 INFO  Log4jListener:51 - Test started: AddToCart
2024-09-08 21:16:08 INFO  Log4jListener:57 - Test passed: AddToCart
2024-09-08 21:16:08 INFO  Log4jListener:51 - Test started: Checkout
2024-09-08 21:16:08 ERROR Log4jListener:63 - Test failed: Checkout
org.openqa.selenium.NoSuchElementException: Unable to locate element: //*[@class='cart']//tbody//tr[1]//td[4]//a
For documentation on this error, please visit: https://selenium.dev/exceptions/#no_such_element
Build info: version: '4.1.0', revision: '87802e897b'
System info: host: 'MANIBEEEE', ip: '192.168.45.242', os.name: 'Windows 11', os.arch: 'amd64', os.version: '10.0', java.version: '21.0.3'
Driver info: org.openqa.selenium.firefox.FirefoxDriver
Command: [8c0a3352-12c6-4fcc-bcca-e4797a6e6b0f, findElement {using=xpath, value=//*[@class='cart']//tbody//tr[1]//td[4]//a}]
Capabilities {acceptInsecureCerts: true, browserName: firefox, browserVersion: 130.0, javascriptEnabled: true, moz:accessibilityChecks: false, moz:buildID: 20240829075237, moz:geckodriverVersion: 0.34.0, moz:headless: false, moz:platformVersion: 10.0, moz:processID: 3836, moz:profile: C:\Users\swats\AppData\Loca..., moz:shutdownTimeout: 60000, moz:webdriverClick: true, moz:windowless: false, pageLoadStrategy: normal, platform: WINDOWS, platformName: WINDOWS, proxy: Proxy(), setWindowRect: true, strictFileInteractability: false, timeouts: {implicit: 0, pageLoad: 300000, script: 30000}, unhandledPromptBehavior: dismiss and notify, userAgent: Mozilla/5.0 (Windows NT 10....}
Session ID: 8c0a3352-12c6-4fcc-bcca-e4797a6e6b0f
	at java.base/jdk.internal.reflect.DirectConstructorHandleAccessor.newInstance(DirectConstructorHandleAccessor.java:62)
	at java.base/java.lang.reflect.Constructor.newInstanceWithCaller(Constructor.java:502)
	at java.base/java.lang.reflect.Constructor.newInstance(Constructor.java:486)
	at org.openqa.selenium.remote.codec.w3c.W3CHttpResponseCodec.createException(W3CHttpResponseCodec.java:200)
	at org.openqa.selenium.remote.codec.w3c.W3CHttpResponseCodec.decode(W3CHttpResponseCodec.java:133)
	at org.openqa.selenium.remote.codec.w3c.W3CHttpResponseCodec.decode(W3CHttpResponseCodec.java:53)
	at org.openqa.selenium.remote.HttpCommandExecutor.execute(HttpCommandExecutor.java:184)
	at org.openqa.selenium.remote.service.DriverCommandExecutor.invokeExecute(DriverCommandExecutor.java:164)
	at org.openqa.selenium.remote.service.DriverCommandExecutor.execute(DriverCommandExecutor.java:139)
	at org.openqa.selenium.remote.RemoteWebDriver.execute(RemoteWebDriver.java:559)
	at org.openqa.selenium.remote.ElementLocation$ElementFinder$2.findElement(ElementLocation.java:162)
	at org.openqa.selenium.remote.ElementLocation.findElement(ElementLocation.java:60)
	at org.openqa.selenium.remote.RemoteWebDriver.findElement(RemoteWebDriver.java:383)
	at org.openqa.selenium.remote.RemoteWebDriver.findElement(RemoteWebDriver.java:375)
	at org.openqa.selenium.support.pagefactory.DefaultElementLocator.findElement(DefaultElementLocator.java:70)
	at org.openqa.selenium.support.pagefactory.internal.LocatingElementHandler.invoke(LocatingElementHandler.java:39)
	at jdk.proxy2/jdk.proxy2.$Proxy15.getText(Unknown Source)
	at Utlilities.UserActions.GetText(UserActions.java:32)
	at POMs.DemoWebShop_ShoppingCart.getItem1price(DemoWebShop_ShoppingCart.java:65)
	at TestExecution.DemoWebShop_OrderItem.Checkout(DemoWebShop_OrderItem.java:48)
	at java.base/jdk.internal.reflect.DirectMethodHandleAccessor.invoke(DirectMethodHandleAccessor.java:103)
	at java.base/java.lang.reflect.Method.invoke(Method.java:580)
	at org.testng.internal.MethodInvocationHelper.invokeMethod(MethodInvocationHelper.java:133)
	at org.testng.internal.TestInvoker.invokeMethod(TestInvoker.java:598)
	at org.testng.internal.TestInvoker.invokeTestMethod(TestInvoker.java:173)
	at org.testng.internal.MethodRunner.runInSequence(MethodRunner.java:46)
	at org.testng.internal.TestInvoker$MethodInvocationAgent.invoke(TestInvoker.java:824)
	at org.testng.internal.TestInvoker.invokeTestMethods(TestInvoker.java:146)
	at org.testng.internal.TestMethodWorker.invokeTestMethods(TestMethodWorker.java:146)
	at org.testng.internal.TestMethodWorker.run(TestMethodWorker.java:128)
	at java.base/java.util.concurrent.ThreadPoolExecutor.runWorker(ThreadPoolExecutor.java:1144)
	at java.base/java.util.concurrent.ThreadPoolExecutor$Worker.run(ThreadPoolExecutor.java:642)
	at java.base/java.lang.Thread.run(Thread.java:1583)
2024-09-08 21:16:08 INFO  Log4jListener:43 - Test Suite finished: Test
2024-09-08 21:22:12 INFO  Log4jListener:28 - Test Suite started: Test
2024-09-08 21:22:12 INFO  Log4jListener:51 - Test started: Launch_And_Login
2024-09-08 21:22:31 INFO  Log4jListener:57 - Test passed: Launch_And_Login
2024-09-08 21:22:31 INFO  Log4jListener:51 - Test started: AddToCart
2024-09-08 21:22:47 INFO  Log4jListener:57 - Test passed: AddToCart
2024-09-08 21:22:47 INFO  Log4jListener:51 - Test started: Checkout
2024-09-08 21:22:47 ERROR Log4jListener:63 - Test failed: Checkout
java.lang.AssertionError: expected [30.00] but found [10.00]
	at org.testng.Assert.fail(Assert.java:99)
	at org.testng.Assert.failNotEquals(Assert.java:1037)
	at org.testng.Assert.assertEqualsImpl(Assert.java:140)
	at org.testng.Assert.assertEquals(Assert.java:122)
	at org.testng.Assert.assertEquals(Assert.java:629)
	at org.testng.Assert.assertEquals(Assert.java:639)
	at TestExecution.DemoWebShop_OrderItem.Checkout(DemoWebShop_OrderItem.java:50)
	at java.base/jdk.internal.reflect.DirectMethodHandleAccessor.invoke(DirectMethodHandleAccessor.java:103)
	at java.base/java.lang.reflect.Method.invoke(Method.java:580)
	at org.testng.internal.MethodInvocationHelper.invokeMethod(MethodInvocationHelper.java:133)
	at org.testng.internal.TestInvoker.invokeMethod(TestInvoker.java:598)
	at org.testng.internal.TestInvoker.invokeTestMethod(TestInvoker.java:173)
	at org.testng.internal.MethodRunner.runInSequence(MethodRunner.java:46)
	at org.testng.internal.TestInvoker$MethodInvocationAgent.invoke(TestInvoker.java:824)
	at org.testng.internal.TestInvoker.invokeTestMethods(TestInvoker.java:146)
	at org.testng.internal.TestMethodWorker.invokeTestMethods(TestMethodWorker.java:146)
	at org.testng.internal.TestMethodWorker.run(TestMethodWorker.java:128)
	at java.base/java.util.concurrent.ThreadPoolExecutor.runWorker(ThreadPoolExecutor.java:1144)
	at java.base/java.util.concurrent.ThreadPoolExecutor$Worker.run(ThreadPoolExecutor.java:642)
	at java.base/java.lang.Thread.run(Thread.java:1583)
2024-09-08 21:22:48 INFO  Log4jListener:43 - Test Suite finished: Test
2024-09-08 21:24:03 INFO  Log4jListener:28 - Test Suite started: Test
2024-09-08 21:24:03 INFO  Log4jListener:51 - Test started: Launch_And_Login
2024-09-08 21:24:18 INFO  Log4jListener:57 - Test passed: Launch_And_Login
2024-09-08 21:24:18 INFO  Log4jListener:51 - Test started: AddToCart
2024-09-08 21:24:33 INFO  Log4jListener:57 - Test passed: AddToCart
2024-09-08 21:24:33 INFO  Log4jListener:51 - Test started: Checkout
2024-09-08 21:24:34 ERROR Log4jListener:63 - Test failed: Checkout
java.lang.AssertionError: expected [34.00] but found [34.0]
	at org.testng.Assert.fail(Assert.java:99)
	at org.testng.Assert.failNotEquals(Assert.java:1037)
	at org.testng.Assert.assertEqualsImpl(Assert.java:140)
	at org.testng.Assert.assertEquals(Assert.java:122)
	at org.testng.Assert.assertEquals(Assert.java:629)
	at org.testng.Assert.assertEquals(Assert.java:639)
	at TestExecution.DemoWebShop_OrderItem.Checkout(DemoWebShop_OrderItem.java:53)
	at java.base/jdk.internal.reflect.DirectMethodHandleAccessor.invoke(DirectMethodHandleAccessor.java:103)
	at java.base/java.lang.reflect.Method.invoke(Method.java:580)
	at org.testng.internal.MethodInvocationHelper.invokeMethod(MethodInvocationHelper.java:133)
	at org.testng.internal.TestInvoker.invokeMethod(TestInvoker.java:598)
	at org.testng.internal.TestInvoker.invokeTestMethod(TestInvoker.java:173)
	at org.testng.internal.MethodRunner.runInSequence(MethodRunner.java:46)
	at org.testng.internal.TestInvoker$MethodInvocationAgent.invoke(TestInvoker.java:824)
	at org.testng.internal.TestInvoker.invokeTestMethods(TestInvoker.java:146)
	at org.testng.internal.TestMethodWorker.invokeTestMethods(TestMethodWorker.java:146)
	at org.testng.internal.TestMethodWorker.run(TestMethodWorker.java:128)
	at java.base/java.util.concurrent.ThreadPoolExecutor.runWorker(ThreadPoolExecutor.java:1144)
	at java.base/java.util.concurrent.ThreadPoolExecutor$Worker.run(ThreadPoolExecutor.java:642)
	at java.base/java.lang.Thread.run(Thread.java:1583)
2024-09-08 21:24:34 INFO  Log4jListener:43 - Test Suite finished: Test
2024-09-08 21:25:44 INFO  Log4jListener:28 - Test Suite started: Test
2024-09-08 21:25:44 INFO  Log4jListener:51 - Test started: Launch_And_Login
2024-09-08 21:26:01 INFO  Log4jListener:57 - Test passed: Launch_And_Login
2024-09-08 21:26:01 INFO  Log4jListener:51 - Test started: AddToCart
2024-09-08 21:26:16 INFO  Log4jListener:57 - Test passed: AddToCart
2024-09-08 21:26:16 INFO  Log4jListener:51 - Test started: Checkout
2024-09-08 21:26:17 ERROR Log4jListener:63 - Test failed: Checkout
java.lang.AssertionError: expected [20.00] but found [10.00]
	at org.testng.Assert.fail(Assert.java:99)
	at org.testng.Assert.failNotEquals(Assert.java:1037)
	at org.testng.Assert.assertEqualsImpl(Assert.java:140)
	at org.testng.Assert.assertEquals(Assert.java:122)
	at org.testng.Assert.assertEquals(Assert.java:629)
	at org.testng.Assert.assertEquals(Assert.java:639)
	at TestExecution.DemoWebShop_OrderItem.Checkout(DemoWebShop_OrderItem.java:50)
	at java.base/jdk.internal.reflect.DirectMethodHandleAccessor.invoke(DirectMethodHandleAccessor.java:103)
	at java.base/java.lang.reflect.Method.invoke(Method.java:580)
	at org.testng.internal.MethodInvocationHelper.invokeMethod(MethodInvocationHelper.java:133)
	at org.testng.internal.TestInvoker.invokeMethod(TestInvoker.java:598)
	at org.testng.internal.TestInvoker.invokeTestMethod(TestInvoker.java:173)
	at org.testng.internal.MethodRunner.runInSequence(MethodRunner.java:46)
	at org.testng.internal.TestInvoker$MethodInvocationAgent.invoke(TestInvoker.java:824)
	at org.testng.internal.TestInvoker.invokeTestMethods(TestInvoker.java:146)
	at org.testng.internal.TestMethodWorker.invokeTestMethods(TestMethodWorker.java:146)
	at org.testng.internal.TestMethodWorker.run(TestMethodWorker.java:128)
	at java.base/java.util.concurrent.ThreadPoolExecutor.runWorker(ThreadPoolExecutor.java:1144)
	at java.base/java.util.concurrent.ThreadPoolExecutor$Worker.run(ThreadPoolExecutor.java:642)
	at java.base/java.lang.Thread.run(Thread.java:1583)
2024-09-08 21:26:17 INFO  Log4jListener:43 - Test Suite finished: Test
2024-09-08 21:27:26 INFO  Log4jListener:28 - Test Suite started: Test
2024-09-08 21:27:26 INFO  Log4jListener:51 - Test started: Launch_And_Login
2024-09-08 21:27:41 INFO  Log4jListener:57 - Test passed: Launch_And_Login
2024-09-08 21:27:41 INFO  Log4jListener:51 - Test started: AddToCart
2024-09-08 21:27:57 INFO  Log4jListener:57 - Test passed: AddToCart
2024-09-08 21:27:57 INFO  Log4jListener:51 - Test started: Checkout
2024-09-08 21:27:57 ERROR Log4jListener:63 - Test failed: Checkout
java.lang.AssertionError: expected [34.00] but found [34.0]
	at org.testng.Assert.fail(Assert.java:99)
	at org.testng.Assert.failNotEquals(Assert.java:1037)
	at org.testng.Assert.assertEqualsImpl(Assert.java:140)
	at org.testng.Assert.assertEquals(Assert.java:122)
	at org.testng.Assert.assertEquals(Assert.java:629)
	at org.testng.Assert.assertEquals(Assert.java:639)
	at TestExecution.DemoWebShop_OrderItem.Checkout(DemoWebShop_OrderItem.java:53)
	at java.base/jdk.internal.reflect.DirectMethodHandleAccessor.invoke(DirectMethodHandleAccessor.java:103)
	at java.base/java.lang.reflect.Method.invoke(Method.java:580)
	at org.testng.internal.MethodInvocationHelper.invokeMethod(MethodInvocationHelper.java:133)
	at org.testng.internal.TestInvoker.invokeMethod(TestInvoker.java:598)
	at org.testng.internal.TestInvoker.invokeTestMethod(TestInvoker.java:173)
	at org.testng.internal.MethodRunner.runInSequence(MethodRunner.java:46)
	at org.testng.internal.TestInvoker$MethodInvocationAgent.invoke(TestInvoker.java:824)
	at org.testng.internal.TestInvoker.invokeTestMethods(TestInvoker.java:146)
	at org.testng.internal.TestMethodWorker.invokeTestMethods(TestMethodWorker.java:146)
	at org.testng.internal.TestMethodWorker.run(TestMethodWorker.java:128)
	at java.base/java.util.concurrent.ThreadPoolExecutor.runWorker(ThreadPoolExecutor.java:1144)
	at java.base/java.util.concurrent.ThreadPoolExecutor$Worker.run(ThreadPoolExecutor.java:642)
	at java.base/java.lang.Thread.run(Thread.java:1583)
2024-09-08 21:27:57 INFO  Log4jListener:43 - Test Suite finished: Test
2024-09-08 21:28:40 INFO  Log4jListener:28 - Test Suite started: Test
2024-09-08 21:28:40 INFO  Log4jListener:51 - Test started: Launch_And_Login
2024-09-08 21:28:57 INFO  Log4jListener:57 - Test passed: Launch_And_Login
2024-09-08 21:28:57 INFO  Log4jListener:51 - Test started: AddToCart
2024-09-08 21:29:14 INFO  Log4jListener:57 - Test passed: AddToCart
2024-09-08 21:29:14 INFO  Log4jListener:51 - Test started: Checkout
2024-09-08 21:29:14 ERROR Log4jListener:63 - Test failed: Checkout
java.lang.AssertionError: expected [20.00] but found [10.00]
	at org.testng.Assert.fail(Assert.java:99)
	at org.testng.Assert.failNotEquals(Assert.java:1037)
	at org.testng.Assert.assertEqualsImpl(Assert.java:140)
	at org.testng.Assert.assertEquals(Assert.java:122)
	at org.testng.Assert.assertEquals(Assert.java:629)
	at org.testng.Assert.assertEquals(Assert.java:639)
	at TestExecution.DemoWebShop_OrderItem.Checkout(DemoWebShop_OrderItem.java:50)
	at java.base/jdk.internal.reflect.DirectMethodHandleAccessor.invoke(DirectMethodHandleAccessor.java:103)
	at java.base/java.lang.reflect.Method.invoke(Method.java:580)
	at org.testng.internal.MethodInvocationHelper.invokeMethod(MethodInvocationHelper.java:133)
	at org.testng.internal.TestInvoker.invokeMethod(TestInvoker.java:598)
	at org.testng.internal.TestInvoker.invokeTestMethod(TestInvoker.java:173)
	at org.testng.internal.MethodRunner.runInSequence(MethodRunner.java:46)
	at org.testng.internal.TestInvoker$MethodInvocationAgent.invoke(TestInvoker.java:824)
	at org.testng.internal.TestInvoker.invokeTestMethods(TestInvoker.java:146)
	at org.testng.internal.TestMethodWorker.invokeTestMethods(TestMethodWorker.java:146)
	at org.testng.internal.TestMethodWorker.run(TestMethodWorker.java:128)
	at java.base/java.util.concurrent.ThreadPoolExecutor.runWorker(ThreadPoolExecutor.java:1144)
	at java.base/java.util.concurrent.ThreadPoolExecutor$Worker.run(ThreadPoolExecutor.java:642)
	at java.base/java.lang.Thread.run(Thread.java:1583)
2024-09-08 21:29:14 INFO  Log4jListener:43 - Test Suite finished: Test
2024-09-08 21:34:22 INFO  Log4jListener:28 - Test Suite started: Test
2024-09-08 21:34:22 INFO  Log4jListener:51 - Test started: Launch_And_Login
2024-09-08 21:34:36 INFO  Log4jListener:57 - Test passed: Launch_And_Login
2024-09-08 21:34:36 INFO  Log4jListener:51 - Test started: AddToCart
2024-09-08 21:34:54 INFO  Log4jListener:57 - Test passed: AddToCart
2024-09-08 21:34:54 INFO  Log4jListener:51 - Test started: Checkout
2024-09-08 21:34:54 ERROR Log4jListener:63 - Test failed: Checkout
java.lang.NumberFormatException: For input string: ""
	at java.base/java.lang.NumberFormatException.forInputString(NumberFormatException.java:67)
	at java.base/java.lang.Integer.parseInt(Integer.java:672)
	at java.base/java.lang.Integer.parseInt(Integer.java:778)
	at TestExecution.DemoWebShop_OrderItem.Checkout(DemoWebShop_OrderItem.java:48)
	at java.base/jdk.internal.reflect.DirectMethodHandleAccessor.invoke(DirectMethodHandleAccessor.java:103)
	at java.base/java.lang.reflect.Method.invoke(Method.java:580)
	at org.testng.internal.MethodInvocationHelper.invokeMethod(MethodInvocationHelper.java:133)
	at org.testng.internal.TestInvoker.invokeMethod(TestInvoker.java:598)
	at org.testng.internal.TestInvoker.invokeTestMethod(TestInvoker.java:173)
	at org.testng.internal.MethodRunner.runInSequence(MethodRunner.java:46)
	at org.testng.internal.TestInvoker$MethodInvocationAgent.invoke(TestInvoker.java:824)
	at org.testng.internal.TestInvoker.invokeTestMethods(TestInvoker.java:146)
	at org.testng.internal.TestMethodWorker.invokeTestMethods(TestMethodWorker.java:146)
	at org.testng.internal.TestMethodWorker.run(TestMethodWorker.java:128)
	at java.base/java.util.concurrent.ThreadPoolExecutor.runWorker(ThreadPoolExecutor.java:1144)
	at java.base/java.util.concurrent.ThreadPoolExecutor$Worker.run(ThreadPoolExecutor.java:642)
	at java.base/java.lang.Thread.run(Thread.java:1583)
2024-09-08 21:34:54 INFO  Log4jListener:43 - Test Suite finished: Test
2024-09-08 21:36:46 INFO  Log4jListener:28 - Test Suite started: Test
2024-09-08 21:36:46 INFO  Log4jListener:51 - Test started: Launch_And_Login
2024-09-08 21:37:00 INFO  Log4jListener:57 - Test passed: Launch_And_Login
2024-09-08 21:37:00 INFO  Log4jListener:51 - Test started: AddToCart
2024-09-08 21:37:16 INFO  Log4jListener:57 - Test passed: AddToCart
2024-09-08 21:37:16 INFO  Log4jListener:51 - Test started: Checkout
2024-09-08 21:37:16 ERROR Log4jListener:63 - Test failed: Checkout
java.lang.AssertionError: expected [34.000] but found [34.0]
	at org.testng.Assert.fail(Assert.java:99)
	at org.testng.Assert.failNotEquals(Assert.java:1037)
	at org.testng.Assert.assertEqualsImpl(Assert.java:140)
	at org.testng.Assert.assertEquals(Assert.java:122)
	at org.testng.Assert.assertEquals(Assert.java:629)
	at org.testng.Assert.assertEquals(Assert.java:639)
	at TestExecution.DemoWebShop_OrderItem.Checkout(DemoWebShop_OrderItem.java:55)
	at java.base/jdk.internal.reflect.DirectMethodHandleAccessor.invoke(DirectMethodHandleAccessor.java:103)
	at java.base/java.lang.reflect.Method.invoke(Method.java:580)
	at org.testng.internal.MethodInvocationHelper.invokeMethod(MethodInvocationHelper.java:133)
	at org.testng.internal.TestInvoker.invokeMethod(TestInvoker.java:598)
	at org.testng.internal.TestInvoker.invokeTestMethod(TestInvoker.java:173)
	at org.testng.internal.MethodRunner.runInSequence(MethodRunner.java:46)
	at org.testng.internal.TestInvoker$MethodInvocationAgent.invoke(TestInvoker.java:824)
	at org.testng.internal.TestInvoker.invokeTestMethods(TestInvoker.java:146)
	at org.testng.internal.TestMethodWorker.invokeTestMethods(TestMethodWorker.java:146)
	at org.testng.internal.TestMethodWorker.run(TestMethodWorker.java:128)
	at java.base/java.util.concurrent.ThreadPoolExecutor.runWorker(ThreadPoolExecutor.java:1144)
	at java.base/java.util.concurrent.ThreadPoolExecutor$Worker.run(ThreadPoolExecutor.java:642)
	at java.base/java.lang.Thread.run(Thread.java:1583)
2024-09-08 21:37:16 INFO  Log4jListener:43 - Test Suite finished: Test
2024-09-08 21:38:29 INFO  Log4jListener:28 - Test Suite started: Test
2024-09-08 21:38:29 INFO  Log4jListener:51 - Test started: Launch_And_Login
2024-09-08 21:38:45 INFO  Log4jListener:57 - Test passed: Launch_And_Login
2024-09-08 21:38:45 INFO  Log4jListener:51 - Test started: AddToCart
2024-09-08 21:39:02 INFO  Log4jListener:57 - Test passed: AddToCart
2024-09-08 21:39:02 INFO  Log4jListener:51 - Test started: Checkout
2024-09-08 21:39:04 INFO  Log4jListener:57 - Test passed: Checkout
2024-09-08 21:39:04 INFO  Log4jListener:43 - Test Suite finished: Test
2024-09-14 14:49:19 INFO  Log4jListener:28 - Test Suite started: Test
2024-09-14 14:49:19 INFO  Log4jListener:51 - Test started: Launch_And_Login
2024-09-14 14:49:36 INFO  Log4jListener:57 - Test passed: Launch_And_Login
2024-09-14 14:49:36 INFO  Log4jListener:51 - Test started: AddToCart
2024-09-14 14:49:52 INFO  Log4jListener:57 - Test passed: AddToCart
2024-09-14 14:49:52 INFO  Log4jListener:51 - Test started: Checkout
2024-09-14 14:49:52 ERROR Log4jListener:63 - Test failed: Checkout
java.lang.AssertionError: expected [20.00] but found [10.00]
	at org.testng.Assert.fail(Assert.java:99)
	at org.testng.Assert.failNotEquals(Assert.java:1037)
	at org.testng.Assert.assertEqualsImpl(Assert.java:140)
	at org.testng.Assert.assertEquals(Assert.java:122)
	at org.testng.Assert.assertEquals(Assert.java:629)
	at org.testng.Assert.assertEquals(Assert.java:639)
	at TestExecution.DemoWebShop_OrderItem.Checkout(DemoWebShop_OrderItem.java:52)
	at java.base/jdk.internal.reflect.DirectMethodHandleAccessor.invoke(DirectMethodHandleAccessor.java:103)
	at java.base/java.lang.reflect.Method.invoke(Method.java:580)
	at org.testng.internal.MethodInvocationHelper.invokeMethod(MethodInvocationHelper.java:133)
	at org.testng.internal.TestInvoker.invokeMethod(TestInvoker.java:598)
	at org.testng.internal.TestInvoker.invokeTestMethod(TestInvoker.java:173)
	at org.testng.internal.MethodRunner.runInSequence(MethodRunner.java:46)
	at org.testng.internal.TestInvoker$MethodInvocationAgent.invoke(TestInvoker.java:824)
	at org.testng.internal.TestInvoker.invokeTestMethods(TestInvoker.java:146)
	at org.testng.internal.TestMethodWorker.invokeTestMethods(TestMethodWorker.java:146)
	at org.testng.internal.TestMethodWorker.run(TestMethodWorker.java:128)
	at java.base/java.util.concurrent.ThreadPoolExecutor.runWorker(ThreadPoolExecutor.java:1144)
	at java.base/java.util.concurrent.ThreadPoolExecutor$Worker.run(ThreadPoolExecutor.java:642)
	at java.base/java.lang.Thread.run(Thread.java:1583)
2024-09-14 14:49:52 INFO  Log4jListener:43 - Test Suite finished: Test
2024-09-14 14:56:41 INFO  Log4jListener:28 - Test Suite started: Test
2024-09-14 14:56:41 INFO  Log4jListener:51 - Test started: Launch_And_Login
2024-09-14 14:56:55 INFO  Log4jListener:57 - Test passed: Launch_And_Login
2024-09-14 14:56:55 INFO  Log4jListener:51 - Test started: AddToCart
2024-09-14 14:57:10 INFO  Log4jListener:57 - Test passed: AddToCart
2024-09-14 14:57:10 INFO  Log4jListener:51 - Test started: Checkout
2024-09-14 14:57:13 INFO  Log4jListener:57 - Test passed: Checkout
2024-09-14 14:57:13 INFO  Log4jListener:43 - Test Suite finished: Test
2024-09-15 12:51:38 INFO  Log4jListener:28 - Test Suite started: Test
2024-09-15 12:51:38 INFO  Log4jListener:51 - Test started: Launch_And_Login
2024-09-15 12:51:59 INFO  Log4jListener:57 - Test passed: Launch_And_Login
2024-09-15 12:51:59 INFO  Log4jListener:51 - Test started: AddToCart
2024-09-15 12:52:15 INFO  Log4jListener:57 - Test passed: AddToCart
2024-09-15 12:52:15 INFO  Log4jListener:51 - Test started: Checkout
2024-09-15 12:52:18 INFO  Log4jListener:57 - Test passed: Checkout
2024-09-15 12:52:18 INFO  Log4jListener:51 - Test started: Payment_Shipping
2024-09-15 12:52:18 ERROR Log4jListener:63 - Test failed: Payment_Shipping
org.openqa.selenium.ElementNotInteractableException: Element <input class="button-1 new-address-next-step-button" type="button"> could not be scrolled into view
Build info: version: '4.1.0', revision: '87802e897b'
System info: host: 'MANIBEEEE', ip: '192.168.99.242', os.name: 'Windows 11', os.arch: 'amd64', os.version: '10.0', java.version: '21.0.3'
Driver info: org.openqa.selenium.firefox.FirefoxDriver
Command: [025ec693-da1c-406c-aa75-ff1a44fa8642, clickElement {id=9cf97e0a-cd40-4bce-afb3-0af7f75d0ac3}]
Capabilities {acceptInsecureCerts: true, browserName: firefox, browserVersion: 130.0, javascriptEnabled: true, moz:accessibilityChecks: false, moz:buildID: 20240829075237, moz:geckodriverVersion: 0.34.0, moz:headless: false, moz:platformVersion: 10.0, moz:processID: 11196, moz:profile: C:\Users\swats\AppData\Loca..., moz:shutdownTimeout: 60000, moz:webdriverClick: true, moz:windowless: false, pageLoadStrategy: normal, platform: WINDOWS, platformName: WINDOWS, proxy: Proxy(), setWindowRect: true, strictFileInteractability: false, timeouts: {implicit: 0, pageLoad: 300000, script: 30000}, unhandledPromptBehavior: dismiss and notify, userAgent: Mozilla/5.0 (Windows NT 10....}
Element: [[FirefoxDriver: firefox on WINDOWS (025ec693-da1c-406c-aa75-ff1a44fa8642)] -> css selector: #shipping-buttons-container input]
Session ID: 025ec693-da1c-406c-aa75-ff1a44fa8642
	at java.base/jdk.internal.reflect.DirectConstructorHandleAccessor.newInstance(DirectConstructorHandleAccessor.java:62)
	at java.base/java.lang.reflect.Constructor.newInstanceWithCaller(Constructor.java:502)
	at java.base/java.lang.reflect.Constructor.newInstance(Constructor.java:486)
	at org.openqa.selenium.remote.codec.w3c.W3CHttpResponseCodec.createException(W3CHttpResponseCodec.java:200)
	at org.openqa.selenium.remote.codec.w3c.W3CHttpResponseCodec.decode(W3CHttpResponseCodec.java:133)
	at org.openqa.selenium.remote.codec.w3c.W3CHttpResponseCodec.decode(W3CHttpResponseCodec.java:53)
	at org.openqa.selenium.remote.HttpCommandExecutor.execute(HttpCommandExecutor.java:184)
	at org.openqa.selenium.remote.service.DriverCommandExecutor.invokeExecute(DriverCommandExecutor.java:164)
	at org.openqa.selenium.remote.service.DriverCommandExecutor.execute(DriverCommandExecutor.java:139)
	at org.openqa.selenium.remote.RemoteWebDriver.execute(RemoteWebDriver.java:559)
	at org.openqa.selenium.remote.RemoteWebElement.execute(RemoteWebElement.java:251)
	at org.openqa.selenium.remote.RemoteWebElement.click(RemoteWebElement.java:77)
	at java.base/jdk.internal.reflect.DirectMethodHandleAccessor.invoke(DirectMethodHandleAccessor.java:103)
	at java.base/java.lang.reflect.Method.invoke(Method.java:580)
	at org.openqa.selenium.support.pagefactory.internal.LocatingElementHandler.invoke(LocatingElementHandler.java:52)
	at jdk.proxy2/jdk.proxy2.$Proxy12.click(Unknown Source)
	at Utlilities.UserActions.Click(UserActions.java:22)
	at POMs.DemoWebShop_Checkout.ClickShippingAddress_Continue(DemoWebShop_Checkout.java:35)
	at TestExecution.DemoWebShop_OrderItem.Payment_Shipping(DemoWebShop_OrderItem.java:66)
	at java.base/jdk.internal.reflect.DirectMethodHandleAccessor.invoke(DirectMethodHandleAccessor.java:103)
	at java.base/java.lang.reflect.Method.invoke(Method.java:580)
	at org.testng.internal.MethodInvocationHelper.invokeMethod(MethodInvocationHelper.java:133)
	at org.testng.internal.TestInvoker.invokeMethod(TestInvoker.java:598)
	at org.testng.internal.TestInvoker.invokeTestMethod(TestInvoker.java:173)
	at org.testng.internal.MethodRunner.runInSequence(MethodRunner.java:46)
	at org.testng.internal.TestInvoker$MethodInvocationAgent.invoke(TestInvoker.java:824)
	at org.testng.internal.TestInvoker.invokeTestMethods(TestInvoker.java:146)
	at org.testng.internal.TestMethodWorker.invokeTestMethods(TestMethodWorker.java:146)
	at org.testng.internal.TestMethodWorker.run(TestMethodWorker.java:128)
	at java.base/java.util.concurrent.ThreadPoolExecutor.runWorker(ThreadPoolExecutor.java:1144)
	at java.base/java.util.concurrent.ThreadPoolExecutor$Worker.run(ThreadPoolExecutor.java:642)
	at java.base/java.lang.Thread.run(Thread.java:1583)
2024-09-15 12:52:18 INFO  Log4jListener:43 - Test Suite finished: Test
2024-10-05 19:09:04 INFO  Log4jListener:28 - Test Suite started: Test1
2024-10-05 19:10:44 INFO  Log4jListener:28 - Test Suite started: Test1
2024-10-05 19:10:44 INFO  Log4jListener:51 - Test started: LaunchEdge
2024-10-05 19:10:44 INFO  Log4jListener:51 - Test started: LaunchFirefox
2024-10-05 19:10:46 ERROR Log4jListener:63 - Test failed: LaunchEdge
org.openqa.selenium.remote.http.ConnectionFailedException: Unable to establish websocket connection to http://localhost:50837/devtools/browser/7aab94eb-9c92-4369-a594-2606f8a011b3
Build info: version: '4.1.0', revision: '87802e897b'
System info: host: 'MANI_BHARATHI_M', ip: '192.168.1.103', os.name: 'Windows 11', os.arch: 'amd64', os.version: '10.0', java.version: '21.0.4'
Driver info: driver.version: EdgeDriver
	at org.openqa.selenium.remote.http.netty.NettyWebSocket.<init>(NettyWebSocket.java:104)
	at org.openqa.selenium.remote.http.netty.NettyWebSocket.lambda$create$3(NettyWebSocket.java:137)
	at org.openqa.selenium.remote.http.netty.NettyClient.openSocket(NettyClient.java:116)
	at org.openqa.selenium.devtools.Connection.<init>(Connection.java:77)
	at org.openqa.selenium.chromium.ChromiumDriver.lambda$new$2(ChromiumDriver.java:124)
	at java.base/java.util.Optional.map(Optional.java:260)
	at org.openqa.selenium.chromium.ChromiumDriver.<init>(ChromiumDriver.java:122)
	at org.openqa.selenium.edge.EdgeDriver.<init>(EdgeDriver.java:49)
	at org.openqa.selenium.edge.EdgeDriver.<init>(EdgeDriver.java:41)
	at org.openqa.selenium.edge.EdgeDriver.<init>(EdgeDriver.java:38)
	at CrossBrowser.Edge.LaunchEdge(Edge.java:14)
	at java.base/jdk.internal.reflect.DirectMethodHandleAccessor.invoke(DirectMethodHandleAccessor.java:103)
	at java.base/java.lang.reflect.Method.invoke(Method.java:580)
	at org.testng.internal.MethodInvocationHelper.invokeMethod(MethodInvocationHelper.java:133)
	at org.testng.internal.TestInvoker.invokeMethod(TestInvoker.java:598)
	at org.testng.internal.TestInvoker.invokeTestMethod(TestInvoker.java:173)
	at org.testng.internal.MethodRunner.runInSequence(MethodRunner.java:46)
	at org.testng.internal.TestInvoker$MethodInvocationAgent.invoke(TestInvoker.java:824)
	at org.testng.internal.TestInvoker.invokeTestMethods(TestInvoker.java:146)
	at org.testng.internal.TestMethodWorker.invokeTestMethods(TestMethodWorker.java:146)
	at org.testng.internal.TestMethodWorker.run(TestMethodWorker.java:128)
	at java.base/java.util.concurrent.ThreadPoolExecutor.runWorker(ThreadPoolExecutor.java:1144)
	at java.base/java.util.concurrent.ThreadPoolExecutor$Worker.run(ThreadPoolExecutor.java:642)
	at java.base/java.lang.Thread.run(Thread.java:1583)
2024-10-05 19:10:52 INFO  Log4jListener:57 - Test passed: LaunchFirefox
2024-10-05 19:10:52 INFO  Log4jListener:43 - Test Suite finished: Test1
2024-10-13 12:02:47 INFO  Log4jListener:28 - Test Suite started: Test1
2024-10-13 12:02:47 INFO  Log4jListener:51 - Test started: LaunchFirefox
2024-10-13 12:02:47 INFO  Log4jListener:51 - Test started: LaunchEdge
2024-10-13 12:02:49 ERROR Log4jListener:63 - Test failed: LaunchEdge
org.openqa.selenium.remote.http.ConnectionFailedException: Unable to establish websocket connection to http://localhost:50804/devtools/browser/0a79bd3e-2da3-4ec2-a776-9d5a6350edb9
Build info: version: '4.1.0', revision: '87802e897b'
System info: host: 'MANI_BHARATHI_M', ip: '192.168.1.102', os.name: 'Windows 11', os.arch: 'amd64', os.version: '10.0', java.version: '23'
Driver info: driver.version: EdgeDriver
	at org.openqa.selenium.remote.http.netty.NettyWebSocket.<init>(NettyWebSocket.java:104)
	at org.openqa.selenium.remote.http.netty.NettyWebSocket.lambda$create$3(NettyWebSocket.java:137)
	at org.openqa.selenium.remote.http.netty.NettyClient.openSocket(NettyClient.java:116)
	at org.openqa.selenium.devtools.Connection.<init>(Connection.java:77)
	at org.openqa.selenium.chromium.ChromiumDriver.lambda$new$2(ChromiumDriver.java:124)
	at java.base/java.util.Optional.map(Optional.java:260)
	at org.openqa.selenium.chromium.ChromiumDriver.<init>(ChromiumDriver.java:122)
	at org.openqa.selenium.edge.EdgeDriver.<init>(EdgeDriver.java:49)
	at org.openqa.selenium.edge.EdgeDriver.<init>(EdgeDriver.java:41)
	at org.openqa.selenium.edge.EdgeDriver.<init>(EdgeDriver.java:38)
	at CrossBrowser.Edge.LaunchEdge(Edge.java:18)
	at java.base/jdk.internal.reflect.DirectMethodHandleAccessor.invoke(DirectMethodHandleAccessor.java:103)
	at java.base/java.lang.reflect.Method.invoke(Method.java:580)
	at org.testng.internal.MethodInvocationHelper.invokeMethod(MethodInvocationHelper.java:133)
	at org.testng.internal.TestInvoker.invokeMethod(TestInvoker.java:598)
	at org.testng.internal.TestInvoker.invokeTestMethod(TestInvoker.java:173)
	at org.testng.internal.MethodRunner.runInSequence(MethodRunner.java:46)
	at org.testng.internal.TestInvoker$MethodInvocationAgent.invoke(TestInvoker.java:824)
	at org.testng.internal.TestInvoker.invokeTestMethods(TestInvoker.java:146)
	at org.testng.internal.TestMethodWorker.invokeTestMethods(TestMethodWorker.java:146)
	at org.testng.internal.TestMethodWorker.run(TestMethodWorker.java:128)
	at java.base/java.util.concurrent.ThreadPoolExecutor.runWorker(ThreadPoolExecutor.java:1144)
	at java.base/java.util.concurrent.ThreadPoolExecutor$Worker.run(ThreadPoolExecutor.java:642)
	at java.base/java.lang.Thread.run(Thread.java:1575)
2024-10-13 12:02:51 ERROR Log4jListener:63 - Test failed: LaunchFirefox
org.openqa.selenium.WebDriverException: Reached error page: about:neterror?e=dnsNotFound&u=https%3A//demowebshop.tricentis.com/&c=UTF-8&d=We%20can%E2%80%99t%20connect%20to%20the%20server%20at%20demowebshop.tricentis.com.
Build info: version: '4.1.0', revision: '87802e897b'
System info: host: 'MANI_BHARATHI_M', ip: '192.168.1.102', os.name: 'Windows 11', os.arch: 'amd64', os.version: '10.0', java.version: '23'
Driver info: org.openqa.selenium.firefox.FirefoxDriver
Command: [3c7eb834-be6c-403f-9895-316c547b8092, get {url=https://demowebshop.tricentis.com/}]
Capabilities {acceptInsecureCerts: true, browserName: firefox, browserVersion: 131.0.2, javascriptEnabled: true, moz:accessibilityChecks: false, moz:buildID: 20241008210941, moz:geckodriverVersion: 0.35.0, moz:headless: false, moz:platformVersion: 10.0, moz:processID: 20712, moz:profile: C:\Users\swats\AppData\Loca..., moz:shutdownTimeout: 60000, moz:webdriverClick: true, moz:windowless: false, pageLoadStrategy: normal, platform: WINDOWS, platformName: WINDOWS, proxy: Proxy(), setWindowRect: true, strictFileInteractability: false, timeouts: {implicit: 0, pageLoad: 300000, script: 30000}, unhandledPromptBehavior: dismiss and notify, userAgent: Mozilla/5.0 (Windows NT 10....}
Session ID: 3c7eb834-be6c-403f-9895-316c547b8092
	at java.base/jdk.internal.reflect.DirectConstructorHandleAccessor.newInstance(DirectConstructorHandleAccessor.java:62)
	at java.base/java.lang.reflect.Constructor.newInstanceWithCaller(Constructor.java:501)
	at java.base/java.lang.reflect.Constructor.newInstance(Constructor.java:485)
	at org.openqa.selenium.remote.codec.w3c.W3CHttpResponseCodec.createException(W3CHttpResponseCodec.java:200)
	at org.openqa.selenium.remote.codec.w3c.W3CHttpResponseCodec.decode(W3CHttpResponseCodec.java:133)
	at org.openqa.selenium.remote.codec.w3c.W3CHttpResponseCodec.decode(W3CHttpResponseCodec.java:53)
	at org.openqa.selenium.remote.HttpCommandExecutor.execute(HttpCommandExecutor.java:184)
	at org.openqa.selenium.remote.service.DriverCommandExecutor.invokeExecute(DriverCommandExecutor.java:164)
	at org.openqa.selenium.remote.service.DriverCommandExecutor.execute(DriverCommandExecutor.java:139)
	at org.openqa.selenium.remote.RemoteWebDriver.execute(RemoteWebDriver.java:559)
	at org.openqa.selenium.remote.RemoteWebDriver.get(RemoteWebDriver.java:328)
	at CrossBrowser.Firefox.LaunchFirefox(Firefox.java:17)
	at java.base/jdk.internal.reflect.DirectMethodHandleAccessor.invoke(DirectMethodHandleAccessor.java:103)
	at java.base/java.lang.reflect.Method.invoke(Method.java:580)
	at org.testng.internal.MethodInvocationHelper.invokeMethod(MethodInvocationHelper.java:133)
	at org.testng.internal.TestInvoker.invokeMethod(TestInvoker.java:598)
	at org.testng.internal.TestInvoker.invokeTestMethod(TestInvoker.java:173)
	at org.testng.internal.MethodRunner.runInSequence(MethodRunner.java:46)
	at org.testng.internal.TestInvoker$MethodInvocationAgent.invoke(TestInvoker.java:824)
	at org.testng.internal.TestInvoker.invokeTestMethods(TestInvoker.java:146)
	at org.testng.internal.TestMethodWorker.invokeTestMethods(TestMethodWorker.java:146)
	at org.testng.internal.TestMethodWorker.run(TestMethodWorker.java:128)
	at java.base/java.util.concurrent.ThreadPoolExecutor.runWorker(ThreadPoolExecutor.java:1144)
	at java.base/java.util.concurrent.ThreadPoolExecutor$Worker.run(ThreadPoolExecutor.java:642)
	at java.base/java.lang.Thread.run(Thread.java:1575)
2024-10-13 12:02:51 INFO  Log4jListener:43 - Test Suite finished: Test1
2024-10-13 12:07:07 INFO  Log4jListener:28 - Test Suite started: Test1
2024-10-13 12:07:08 INFO  Log4jListener:43 - Test Suite finished: Test1
2024-10-13 12:08:30 INFO  Log4jListener:28 - Test Suite started: Test1
2024-10-13 12:08:30 INFO  Log4jListener:43 - Test Suite finished: Test1
2024-10-13 12:08:58 INFO  Log4jListener:28 - Test Suite started: Test1
2024-10-13 12:08:58 INFO  Log4jListener:43 - Test Suite finished: Test1
2024-10-13 12:09:28 INFO  Log4jListener:28 - Test Suite started: Test1
2024-10-13 12:09:28 INFO  Log4jListener:43 - Test Suite finished: Test1
2024-10-13 12:10:42 INFO  Log4jListener:28 - Test Suite started: Test1
2024-10-13 12:10:42 INFO  Log4jListener:51 - Test started: Runner
2024-10-13 12:10:49 INFO  Log4jListener:57 - Test passed: Runner
2024-10-13 12:10:49 INFO  Log4jListener:43 - Test Suite finished: Test1
2024-10-13 12:10:58 INFO  Log4jListener:28 - Test Suite started: Test1
2024-10-13 12:10:58 INFO  Log4jListener:51 - Test started: Runner
2024-10-13 12:11:05 INFO  Log4jListener:57 - Test passed: Runner
2024-10-13 12:11:05 INFO  Log4jListener:43 - Test Suite finished: Test1
2024-10-13 12:12:08 INFO  Log4jListener:28 - Test Suite started: Test1
2024-10-13 12:12:08 INFO  Log4jListener:51 - Test started: Runner
2024-10-13 12:12:14 INFO  Log4jListener:57 - Test passed: Runner
2024-10-13 12:12:14 INFO  Log4jListener:43 - Test Suite finished: Test1
2024-10-13 12:14:03 INFO  Log4jListener:28 - Test Suite started: Test1
2024-10-13 12:14:03 INFO  Log4jListener:51 - Test started: Runner
2024-10-13 12:14:08 INFO  Log4jListener:57 - Test passed: Runner
2024-10-13 12:14:08 INFO  Log4jListener:43 - Test Suite finished: Test1
2024-10-13 12:15:54 INFO  Log4jListener:28 - Test Suite started: Test1
2024-10-13 12:15:54 INFO  Log4jListener:51 - Test started: Runner
2024-10-13 12:16:02 INFO  Log4jListener:57 - Test passed: Runner
2024-10-13 12:16:02 INFO  Log4jListener:43 - Test Suite finished: Test1
2024-10-13 12:17:58 INFO  Log4jListener:28 - Test Suite started: Test1
2024-10-13 12:17:58 INFO  Log4jListener:51 - Test started: Runner
2024-10-13 12:18:00 ERROR Log4jListener:63 - Test failed: Runner
java.io.FileNotFoundException: src\test\resources\config.properties (The system cannot find the file specified)
	at java.base/java.io.FileInputStream.open0(Native Method)
	at java.base/java.io.FileInputStream.open(FileInputStream.java:219)
	at java.base/java.io.FileInputStream.<init>(FileInputStream.java:159)
	at java.base/java.io.FileInputStream.<init>(FileInputStream.java:112)
	at InterviewPractice.Utils.getProperty(Utils.java:54)
	at InterviewPractice.Execution.Runner(Execution.java:15)
	at java.base/jdk.internal.reflect.DirectMethodHandleAccessor.invoke(DirectMethodHandleAccessor.java:103)
	at java.base/java.lang.reflect.Method.invoke(Method.java:580)
	at org.testng.internal.MethodInvocationHelper.invokeMethod(MethodInvocationHelper.java:133)
	at org.testng.internal.TestInvoker.invokeMethod(TestInvoker.java:598)
	at org.testng.internal.TestInvoker.invokeTestMethod(TestInvoker.java:173)
	at org.testng.internal.MethodRunner.runInSequence(MethodRunner.java:46)
	at org.testng.internal.TestInvoker$MethodInvocationAgent.invoke(TestInvoker.java:824)
	at org.testng.internal.TestInvoker.invokeTestMethods(TestInvoker.java:146)
	at org.testng.internal.TestMethodWorker.invokeTestMethods(TestMethodWorker.java:146)
	at org.testng.internal.TestMethodWorker.run(TestMethodWorker.java:128)
	at java.base/java.util.concurrent.ThreadPoolExecutor.runWorker(ThreadPoolExecutor.java:1144)
	at java.base/java.util.concurrent.ThreadPoolExecutor$Worker.run(ThreadPoolExecutor.java:642)
	at java.base/java.lang.Thread.run(Thread.java:1575)
2024-10-13 12:18:00 INFO  Log4jListener:43 - Test Suite finished: Test1
2024-10-13 12:18:51 INFO  Log4jListener:28 - Test Suite started: Test1
2024-10-13 12:18:51 INFO  Log4jListener:51 - Test started: Runner
2024-10-13 12:18:53 ERROR Log4jListener:63 - Test failed: Runner
java.io.FileNotFoundException: src\test\resources\config.properties (The system cannot find the file specified)
	at java.base/java.io.FileInputStream.open0(Native Method)
	at java.base/java.io.FileInputStream.open(FileInputStream.java:219)
	at java.base/java.io.FileInputStream.<init>(FileInputStream.java:159)
	at java.base/java.io.FileInputStream.<init>(FileInputStream.java:112)
	at InterviewPractice.Utils.getProperty(Utils.java:54)
	at InterviewPractice.Execution.Runner(Execution.java:15)
	at java.base/jdk.internal.reflect.DirectMethodHandleAccessor.invoke(DirectMethodHandleAccessor.java:103)
	at java.base/java.lang.reflect.Method.invoke(Method.java:580)
	at org.testng.internal.MethodInvocationHelper.invokeMethod(MethodInvocationHelper.java:133)
	at org.testng.internal.TestInvoker.invokeMethod(TestInvoker.java:598)
	at org.testng.internal.TestInvoker.invokeTestMethod(TestInvoker.java:173)
	at org.testng.internal.MethodRunner.runInSequence(MethodRunner.java:46)
	at org.testng.internal.TestInvoker$MethodInvocationAgent.invoke(TestInvoker.java:824)
	at org.testng.internal.TestInvoker.invokeTestMethods(TestInvoker.java:146)
	at org.testng.internal.TestMethodWorker.invokeTestMethods(TestMethodWorker.java:146)
	at org.testng.internal.TestMethodWorker.run(TestMethodWorker.java:128)
	at java.base/java.util.concurrent.ThreadPoolExecutor.runWorker(ThreadPoolExecutor.java:1144)
	at java.base/java.util.concurrent.ThreadPoolExecutor$Worker.run(ThreadPoolExecutor.java:642)
	at java.base/java.lang.Thread.run(Thread.java:1575)
2024-10-13 12:18:53 INFO  Log4jListener:43 - Test Suite finished: Test1
2024-10-13 12:19:50 INFO  Log4jListener:28 - Test Suite started: Test1
2024-10-13 12:19:50 INFO  Log4jListener:51 - Test started: Runner
2024-10-13 12:19:56 INFO  Log4jListener:57 - Test passed: Runner
2024-10-13 12:19:56 INFO  Log4jListener:43 - Test Suite finished: Test1
2024-10-13 12:22:47 INFO  Log4jListener:28 - Test Suite started: Test1
2024-10-13 12:22:47 INFO  Log4jListener:51 - Test started: Runner
2024-10-13 12:22:49 ERROR Log4jListener:63 - Test failed: Runner
org.openqa.selenium.WebDriverException: Reached error page: about:neterror?e=dnsNotFound&u=https%3A//www.demoblaze.com/&c=UTF-8&d=We%20can%E2%80%99t%20connect%20to%20the%20server%20at%20www.demoblaze.com.
Build info: version: '4.1.0', revision: '87802e897b'
System info: host: 'MANI_BHARATHI_M', ip: '192.168.1.102', os.name: 'Windows 11', os.arch: 'amd64', os.version: '10.0', java.version: '23'
Driver info: org.openqa.selenium.firefox.FirefoxDriver
Command: [6df2eaff-d33f-4363-9463-918088f49f99, get {url=https://www.demoblaze.com/}]
Capabilities {acceptInsecureCerts: true, browserName: firefox, browserVersion: 131.0.2, javascriptEnabled: true, moz:accessibilityChecks: false, moz:buildID: 20241008210941, moz:geckodriverVersion: 0.35.0, moz:headless: false, moz:platformVersion: 10.0, moz:processID: 21512, moz:profile: C:\Users\swats\AppData\Loca..., moz:shutdownTimeout: 60000, moz:webdriverClick: true, moz:windowless: false, pageLoadStrategy: normal, platform: WINDOWS, platformName: WINDOWS, proxy: Proxy(), setWindowRect: true, strictFileInteractability: false, timeouts: {implicit: 0, pageLoad: 300000, script: 30000}, unhandledPromptBehavior: dismiss and notify, userAgent: Mozilla/5.0 (Windows NT 10....}
Session ID: 6df2eaff-d33f-4363-9463-918088f49f99
	at java.base/jdk.internal.reflect.DirectConstructorHandleAccessor.newInstance(DirectConstructorHandleAccessor.java:62)
	at java.base/java.lang.reflect.Constructor.newInstanceWithCaller(Constructor.java:501)
	at java.base/java.lang.reflect.Constructor.newInstance(Constructor.java:485)
	at org.openqa.selenium.remote.codec.w3c.W3CHttpResponseCodec.createException(W3CHttpResponseCodec.java:200)
	at org.openqa.selenium.remote.codec.w3c.W3CHttpResponseCodec.decode(W3CHttpResponseCodec.java:133)
	at org.openqa.selenium.remote.codec.w3c.W3CHttpResponseCodec.decode(W3CHttpResponseCodec.java:53)
	at org.openqa.selenium.remote.HttpCommandExecutor.execute(HttpCommandExecutor.java:184)
	at org.openqa.selenium.remote.service.DriverCommandExecutor.invokeExecute(DriverCommandExecutor.java:164)
	at org.openqa.selenium.remote.service.DriverCommandExecutor.execute(DriverCommandExecutor.java:139)
	at org.openqa.selenium.remote.RemoteWebDriver.execute(RemoteWebDriver.java:559)
	at org.openqa.selenium.remote.RemoteWebDriver.get(RemoteWebDriver.java:328)
	at InterviewPractice.Utils.openBrowserWithUrl(Utils.java:41)
	at InterviewPractice.Execution.Runner(Execution.java:15)
	at java.base/jdk.internal.reflect.DirectMethodHandleAccessor.invoke(DirectMethodHandleAccessor.java:103)
	at java.base/java.lang.reflect.Method.invoke(Method.java:580)
	at org.testng.internal.MethodInvocationHelper.invokeMethod(MethodInvocationHelper.java:133)
	at org.testng.internal.TestInvoker.invokeMethod(TestInvoker.java:598)
	at org.testng.internal.TestInvoker.invokeTestMethod(TestInvoker.java:173)
	at org.testng.internal.MethodRunner.runInSequence(MethodRunner.java:46)
	at org.testng.internal.TestInvoker$MethodInvocationAgent.invoke(TestInvoker.java:824)
	at org.testng.internal.TestInvoker.invokeTestMethods(TestInvoker.java:146)
	at org.testng.internal.TestMethodWorker.invokeTestMethods(TestMethodWorker.java:146)
	at org.testng.internal.TestMethodWorker.run(TestMethodWorker.java:128)
	at java.base/java.util.concurrent.ThreadPoolExecutor.runWorker(ThreadPoolExecutor.java:1144)
	at java.base/java.util.concurrent.ThreadPoolExecutor$Worker.run(ThreadPoolExecutor.java:642)
	at java.base/java.lang.Thread.run(Thread.java:1575)
2024-10-13 12:22:50 INFO  Log4jListener:43 - Test Suite finished: Test1
2024-10-13 12:25:05 INFO  Log4jListener:28 - Test Suite started: Test1
2024-10-13 12:25:05 INFO  Log4jListener:51 - Test started: Runner
2024-10-13 12:25:18 INFO  Log4jListener:57 - Test passed: Runner
2024-10-13 12:25:18 INFO  Log4jListener:43 - Test Suite finished: Test1
2024-10-13 13:14:27 INFO  Log4jListener:28 - Test Suite started: Test1
2024-10-13 13:14:27 INFO  Log4jListener:51 - Test started: Runner
2024-10-13 13:14:32 ERROR Log4jListener:63 - Test failed: Runner
java.lang.NullPointerException: Cannot invoke "com.relevantcodes.extentreports.ExtentTest.log(com.relevantcodes.extentreports.LogStatus, String)" because "InterviewPractice.Reporting.test" is null
	at InterviewPractice.Reporting.Reporter(Reporting.java:30)
	at InterviewPractice.driverAssignment.<init>(driverAssignment.java:29)
	at InterviewPractice.Utils.<init>(Utils.java:22)
	at InterviewPractice.Execution.Runner(Execution.java:14)
	at java.base/jdk.internal.reflect.DirectMethodHandleAccessor.invoke(DirectMethodHandleAccessor.java:103)
	at java.base/java.lang.reflect.Method.invoke(Method.java:580)
	at org.testng.internal.MethodInvocationHelper.invokeMethod(MethodInvocationHelper.java:133)
	at org.testng.internal.TestInvoker.invokeMethod(TestInvoker.java:598)
	at org.testng.internal.TestInvoker.invokeTestMethod(TestInvoker.java:173)
	at org.testng.internal.MethodRunner.runInSequence(MethodRunner.java:46)
	at org.testng.internal.TestInvoker$MethodInvocationAgent.invoke(TestInvoker.java:824)
	at org.testng.internal.TestInvoker.invokeTestMethods(TestInvoker.java:146)
	at org.testng.internal.TestMethodWorker.invokeTestMethods(TestMethodWorker.java:146)
	at org.testng.internal.TestMethodWorker.run(TestMethodWorker.java:128)
	at java.base/java.util.concurrent.ThreadPoolExecutor.runWorker(ThreadPoolExecutor.java:1144)
	at java.base/java.util.concurrent.ThreadPoolExecutor$Worker.run(ThreadPoolExecutor.java:642)
	at java.base/java.lang.Thread.run(Thread.java:1575)
2024-10-13 13:14:32 INFO  Log4jListener:43 - Test Suite finished: Test1
2024-10-13 13:15:58 INFO  Log4jListener:28 - Test Suite started: Test1
2024-10-13 13:15:58 INFO  Log4jListener:51 - Test started: Runner
2024-10-13 13:16:02 ERROR Log4jListener:63 - Test failed: Runner
java.lang.NullPointerException: Cannot invoke "com.relevantcodes.extentreports.ExtentTest.log(com.relevantcodes.extentreports.LogStatus, String)" because "InterviewPractice.Reporting.test" is null
	at InterviewPractice.Reporting.Reporter(Reporting.java:32)
	at InterviewPractice.driverAssignment.<init>(driverAssignment.java:29)
	at InterviewPractice.Utils.<init>(Utils.java:22)
	at InterviewPractice.Execution.Runner(Execution.java:14)
	at java.base/jdk.internal.reflect.DirectMethodHandleAccessor.invoke(DirectMethodHandleAccessor.java:103)
	at java.base/java.lang.reflect.Method.invoke(Method.java:580)
	at org.testng.internal.MethodInvocationHelper.invokeMethod(MethodInvocationHelper.java:133)
	at org.testng.internal.TestInvoker.invokeMethod(TestInvoker.java:598)
	at org.testng.internal.TestInvoker.invokeTestMethod(TestInvoker.java:173)
	at org.testng.internal.MethodRunner.runInSequence(MethodRunner.java:46)
	at org.testng.internal.TestInvoker$MethodInvocationAgent.invoke(TestInvoker.java:824)
	at org.testng.internal.TestInvoker.invokeTestMethods(TestInvoker.java:146)
	at org.testng.internal.TestMethodWorker.invokeTestMethods(TestMethodWorker.java:146)
	at org.testng.internal.TestMethodWorker.run(TestMethodWorker.java:128)
	at java.base/java.util.concurrent.ThreadPoolExecutor.runWorker(ThreadPoolExecutor.java:1144)
	at java.base/java.util.concurrent.ThreadPoolExecutor$Worker.run(ThreadPoolExecutor.java:642)
	at java.base/java.lang.Thread.run(Thread.java:1575)
2024-10-13 13:16:02 INFO  Log4jListener:43 - Test Suite finished: Test1
2024-10-13 13:21:54 INFO  Log4jListener:28 - Test Suite started: Test1
2024-10-13 13:21:54 INFO  Log4jListener:51 - Test started: Runner
2024-10-13 13:21:58 ERROR Log4jListener:63 - Test failed: Runner
java.lang.NullPointerException: Cannot invoke "com.relevantcodes.extentreports.ExtentTest.log(com.relevantcodes.extentreports.LogStatus, String)" because "InterviewPractice.Reporting.test" is null
	at InterviewPractice.Reporting.Reporter(Reporting.java:38)
	at InterviewPractice.driverAssignment.<init>(driverAssignment.java:29)
	at InterviewPractice.Utils.<init>(Utils.java:22)
	at InterviewPractice.Execution.Runner(Execution.java:14)
	at java.base/jdk.internal.reflect.DirectMethodHandleAccessor.invoke(DirectMethodHandleAccessor.java:103)
	at java.base/java.lang.reflect.Method.invoke(Method.java:580)
	at org.testng.internal.MethodInvocationHelper.invokeMethod(MethodInvocationHelper.java:133)
	at org.testng.internal.TestInvoker.invokeMethod(TestInvoker.java:598)
	at org.testng.internal.TestInvoker.invokeTestMethod(TestInvoker.java:173)
	at org.testng.internal.MethodRunner.runInSequence(MethodRunner.java:46)
	at org.testng.internal.TestInvoker$MethodInvocationAgent.invoke(TestInvoker.java:824)
	at org.testng.internal.TestInvoker.invokeTestMethods(TestInvoker.java:146)
	at org.testng.internal.TestMethodWorker.invokeTestMethods(TestMethodWorker.java:146)
	at org.testng.internal.TestMethodWorker.run(TestMethodWorker.java:128)
	at java.base/java.util.concurrent.ThreadPoolExecutor.runWorker(ThreadPoolExecutor.java:1144)
	at java.base/java.util.concurrent.ThreadPoolExecutor$Worker.run(ThreadPoolExecutor.java:642)
	at java.base/java.lang.Thread.run(Thread.java:1583)
2024-10-13 13:21:58 INFO  Log4jListener:43 - Test Suite finished: Test1
2024-10-13 13:31:45 DEBUG cache:45 - Couldn't find template in cache for "Extent.ftl"("en_IN", UTF-8, parsed); will try to load it.
2024-10-13 13:31:45 DEBUG cache:45 - TemplateLoader.findTemplateSource("Extent_en_IN.ftl"): Not found
2024-10-13 13:31:45 DEBUG cache:45 - TemplateLoader.findTemplateSource("Extent_en.ftl"): Not found
2024-10-13 13:31:45 DEBUG cache:45 - TemplateLoader.findTemplateSource("Extent.ftl"): Found
2024-10-13 13:31:45 DEBUG cache:45 - Loading template for "Extent.ftl"("en_IN", UTF-8, parsed) from "jar:file:/C:/Users/swats/.m2/repository/com/relevantcodes/extentreports/2.41.2/extentreports-2.41.2.jar!/com/relevantcodes/extentreports/view/Extent.ftl"
2024-10-13 15:17:53 DEBUG cache:45 - Couldn't find template in cache for "Extent.ftl"("en_IN", UTF-8, parsed); will try to load it.
2024-10-13 15:17:53 DEBUG cache:45 - TemplateLoader.findTemplateSource("Extent_en_IN.ftl"): Not found
2024-10-13 15:17:53 DEBUG cache:45 - TemplateLoader.findTemplateSource("Extent_en.ftl"): Not found
2024-10-13 15:17:53 DEBUG cache:45 - TemplateLoader.findTemplateSource("Extent.ftl"): Found
2024-10-13 15:17:53 DEBUG cache:45 - Loading template for "Extent.ftl"("en_IN", UTF-8, parsed) from "jar:file:/C:/Users/swats/.m2/repository/com/relevantcodes/extentreports/2.41.2/extentreports-2.41.2.jar!/com/relevantcodes/extentreports/view/Extent.ftl"
2024-10-13 15:22:21 DEBUG cache:45 - Couldn't find template in cache for "Extent.ftl"("en_IN", UTF-8, parsed); will try to load it.
2024-10-13 15:22:21 DEBUG cache:45 - TemplateLoader.findTemplateSource("Extent_en_IN.ftl"): Not found
2024-10-13 15:22:21 DEBUG cache:45 - TemplateLoader.findTemplateSource("Extent_en.ftl"): Not found
2024-10-13 15:22:21 DEBUG cache:45 - TemplateLoader.findTemplateSource("Extent.ftl"): Found
2024-10-13 15:22:21 DEBUG cache:45 - Loading template for "Extent.ftl"("en_IN", UTF-8, parsed) from "jar:file:/C:/Users/swats/.m2/repository/com/relevantcodes/extentreports/2.41.2/extentreports-2.41.2.jar!/com/relevantcodes/extentreports/view/Extent.ftl"
2024-10-13 15:24:34 DEBUG cache:45 - Couldn't find template in cache for "Extent.ftl"("en_IN", UTF-8, parsed); will try to load it.
2024-10-13 15:24:34 DEBUG cache:45 - TemplateLoader.findTemplateSource("Extent_en_IN.ftl"): Not found
2024-10-13 15:24:34 DEBUG cache:45 - TemplateLoader.findTemplateSource("Extent_en.ftl"): Not found
2024-10-13 15:24:34 DEBUG cache:45 - TemplateLoader.findTemplateSource("Extent.ftl"): Found
2024-10-13 15:24:34 DEBUG cache:45 - Loading template for "Extent.ftl"("en_IN", UTF-8, parsed) from "jar:file:/C:/Users/swats/.m2/repository/com/relevantcodes/extentreports/2.41.2/extentreports-2.41.2.jar!/com/relevantcodes/extentreports/view/Extent.ftl"
2024-10-13 15:26:40 DEBUG cache:45 - Couldn't find template in cache for "Extent.ftl"("en_IN", UTF-8, parsed); will try to load it.
2024-10-13 15:26:40 DEBUG cache:45 - TemplateLoader.findTemplateSource("Extent_en_IN.ftl"): Not found
2024-10-13 15:26:40 DEBUG cache:45 - TemplateLoader.findTemplateSource("Extent_en.ftl"): Not found
2024-10-13 15:26:40 DEBUG cache:45 - TemplateLoader.findTemplateSource("Extent.ftl"): Found
2024-10-13 15:26:40 DEBUG cache:45 - Loading template for "Extent.ftl"("en_IN", UTF-8, parsed) from "jar:file:/C:/Users/swats/.m2/repository/com/relevantcodes/extentreports/2.41.2/extentreports-2.41.2.jar!/com/relevantcodes/extentreports/view/Extent.ftl"
2024-10-13 15:36:14 DEBUG cache:45 - Couldn't find template in cache for "Extent.ftl"("en_IN", UTF-8, parsed); will try to load it.
2024-10-13 15:36:14 DEBUG cache:45 - TemplateLoader.findTemplateSource("Extent_en_IN.ftl"): Not found
2024-10-13 15:36:14 DEBUG cache:45 - TemplateLoader.findTemplateSource("Extent_en.ftl"): Not found
2024-10-13 15:36:14 DEBUG cache:45 - TemplateLoader.findTemplateSource("Extent.ftl"): Found
2024-10-13 15:36:14 DEBUG cache:45 - Loading template for "Extent.ftl"("en_IN", UTF-8, parsed) from "jar:file:/C:/Users/swats/.m2/repository/com/relevantcodes/extentreports/2.41.2/extentreports-2.41.2.jar!/com/relevantcodes/extentreports/view/Extent.ftl"
2024-10-13 15:56:47 DEBUG cache:45 - Couldn't find template in cache for "Extent.ftl"("en_IN", UTF-8, parsed); will try to load it.
2024-10-13 15:56:47 DEBUG cache:45 - TemplateLoader.findTemplateSource("Extent_en_IN.ftl"): Not found
2024-10-13 15:56:47 DEBUG cache:45 - TemplateLoader.findTemplateSource("Extent_en.ftl"): Not found
2024-10-13 15:56:47 DEBUG cache:45 - TemplateLoader.findTemplateSource("Extent.ftl"): Found
2024-10-13 15:56:47 DEBUG cache:45 - Loading template for "Extent.ftl"("en_IN", UTF-8, parsed) from "jar:file:/C:/Users/swats/.m2/repository/com/relevantcodes/extentreports/2.41.2/extentreports-2.41.2.jar!/com/relevantcodes/extentreports/view/Extent.ftl"
2024-10-13 15:58:48 DEBUG cache:45 - Couldn't find template in cache for "Extent.ftl"("en_IN", UTF-8, parsed); will try to load it.
2024-10-13 15:58:48 DEBUG cache:45 - TemplateLoader.findTemplateSource("Extent_en_IN.ftl"): Not found
2024-10-13 15:58:48 DEBUG cache:45 - TemplateLoader.findTemplateSource("Extent_en.ftl"): Not found
2024-10-13 15:58:48 DEBUG cache:45 - TemplateLoader.findTemplateSource("Extent.ftl"): Found
2024-10-13 15:58:48 DEBUG cache:45 - Loading template for "Extent.ftl"("en_IN", UTF-8, parsed) from "jar:file:/C:/Users/swats/.m2/repository/com/relevantcodes/extentreports/2.41.2/extentreports-2.41.2.jar!/com/relevantcodes/extentreports/view/Extent.ftl"
2024-10-13 15:59:53 DEBUG cache:45 - Couldn't find template in cache for "Extent.ftl"("en_IN", UTF-8, parsed); will try to load it.
2024-10-13 15:59:53 DEBUG cache:45 - TemplateLoader.findTemplateSource("Extent_en_IN.ftl"): Not found
2024-10-13 15:59:53 DEBUG cache:45 - TemplateLoader.findTemplateSource("Extent_en.ftl"): Not found
2024-10-13 15:59:53 DEBUG cache:45 - TemplateLoader.findTemplateSource("Extent.ftl"): Found
2024-10-13 15:59:53 DEBUG cache:45 - Loading template for "Extent.ftl"("en_IN", UTF-8, parsed) from "jar:file:/C:/Users/swats/.m2/repository/com/relevantcodes/extentreports/2.41.2/extentreports-2.41.2.jar!/com/relevantcodes/extentreports/view/Extent.ftl"
2024-10-13 16:01:17 DEBUG cache:45 - Couldn't find template in cache for "Extent.ftl"("en_IN", UTF-8, parsed); will try to load it.
2024-10-13 16:01:17 DEBUG cache:45 - TemplateLoader.findTemplateSource("Extent_en_IN.ftl"): Not found
2024-10-13 16:01:17 DEBUG cache:45 - TemplateLoader.findTemplateSource("Extent_en.ftl"): Not found
2024-10-13 16:01:17 DEBUG cache:45 - TemplateLoader.findTemplateSource("Extent.ftl"): Found
2024-10-13 16:01:17 DEBUG cache:45 - Loading template for "Extent.ftl"("en_IN", UTF-8, parsed) from "jar:file:/C:/Users/swats/.m2/repository/com/relevantcodes/extentreports/2.41.2/extentreports-2.41.2.jar!/com/relevantcodes/extentreports/view/Extent.ftl"
2024-10-13 16:02:21 DEBUG cache:45 - Couldn't find template in cache for "Extent.ftl"("en_IN", UTF-8, parsed); will try to load it.
2024-10-13 16:02:21 DEBUG cache:45 - TemplateLoader.findTemplateSource("Extent_en_IN.ftl"): Not found
2024-10-13 16:02:21 DEBUG cache:45 - TemplateLoader.findTemplateSource("Extent_en.ftl"): Not found
2024-10-13 16:02:21 DEBUG cache:45 - TemplateLoader.findTemplateSource("Extent.ftl"): Found
2024-10-13 16:02:21 DEBUG cache:45 - Loading template for "Extent.ftl"("en_IN", UTF-8, parsed) from "jar:file:/C:/Users/swats/.m2/repository/com/relevantcodes/extentreports/2.41.2/extentreports-2.41.2.jar!/com/relevantcodes/extentreports/view/Extent.ftl"
2024-10-13 16:05:26 DEBUG cache:45 - Couldn't find template in cache for "Extent.ftl"("en_IN", UTF-8, parsed); will try to load it.
2024-10-13 16:05:26 DEBUG cache:45 - TemplateLoader.findTemplateSource("Extent_en_IN.ftl"): Not found
2024-10-13 16:05:26 DEBUG cache:45 - TemplateLoader.findTemplateSource("Extent_en.ftl"): Not found
2024-10-13 16:05:26 DEBUG cache:45 - TemplateLoader.findTemplateSource("Extent.ftl"): Found
2024-10-13 16:05:26 DEBUG cache:45 - Loading template for "Extent.ftl"("en_IN", UTF-8, parsed) from "jar:file:/C:/Users/swats/.m2/repository/com/relevantcodes/extentreports/2.41.2/extentreports-2.41.2.jar!/com/relevantcodes/extentreports/view/Extent.ftl"
2024-10-13 16:16:11 DEBUG cache:45 - Couldn't find template in cache for "Extent.ftl"("en_IN", UTF-8, parsed); will try to load it.
2024-10-13 16:16:11 DEBUG cache:45 - TemplateLoader.findTemplateSource("Extent_en_IN.ftl"): Not found
2024-10-13 16:16:11 DEBUG cache:45 - TemplateLoader.findTemplateSource("Extent_en.ftl"): Not found
2024-10-13 16:16:11 DEBUG cache:45 - TemplateLoader.findTemplateSource("Extent.ftl"): Found
2024-10-13 16:16:11 DEBUG cache:45 - Loading template for "Extent.ftl"("en_IN", UTF-8, parsed) from "jar:file:/C:/Users/swats/.m2/repository/com/relevantcodes/extentreports/2.41.2/extentreports-2.41.2.jar!/com/relevantcodes/extentreports/view/Extent.ftl"
2024-10-13 16:17:48 DEBUG cache:45 - Couldn't find template in cache for "Extent.ftl"("en_IN", UTF-8, parsed); will try to load it.
2024-10-13 16:17:48 DEBUG cache:45 - TemplateLoader.findTemplateSource("Extent_en_IN.ftl"): Not found
2024-10-13 16:17:48 DEBUG cache:45 - TemplateLoader.findTemplateSource("Extent_en.ftl"): Not found
2024-10-13 16:17:48 DEBUG cache:45 - TemplateLoader.findTemplateSource("Extent.ftl"): Found
2024-10-13 16:17:48 DEBUG cache:45 - Loading template for "Extent.ftl"("en_IN", UTF-8, parsed) from "jar:file:/C:/Users/swats/.m2/repository/com/relevantcodes/extentreports/2.41.2/extentreports-2.41.2.jar!/com/relevantcodes/extentreports/view/Extent.ftl"
2024-10-13 16:18:32 DEBUG cache:45 - Couldn't find template in cache for "Extent.ftl"("en_IN", UTF-8, parsed); will try to load it.
2024-10-13 16:18:32 DEBUG cache:45 - TemplateLoader.findTemplateSource("Extent_en_IN.ftl"): Not found
2024-10-13 16:18:32 DEBUG cache:45 - TemplateLoader.findTemplateSource("Extent_en.ftl"): Not found
2024-10-13 16:18:32 DEBUG cache:45 - TemplateLoader.findTemplateSource("Extent.ftl"): Found
2024-10-13 16:18:32 DEBUG cache:45 - Loading template for "Extent.ftl"("en_IN", UTF-8, parsed) from "jar:file:/C:/Users/swats/.m2/repository/com/relevantcodes/extentreports/2.41.2/extentreports-2.41.2.jar!/com/relevantcodes/extentreports/view/Extent.ftl"
2024-10-13 16:22:55 DEBUG cache:45 - Couldn't find template in cache for "Extent.ftl"("en_IN", UTF-8, parsed); will try to load it.
2024-10-13 16:22:55 DEBUG cache:45 - TemplateLoader.findTemplateSource("Extent_en_IN.ftl"): Not found
2024-10-13 16:22:55 DEBUG cache:45 - TemplateLoader.findTemplateSource("Extent_en.ftl"): Not found
2024-10-13 16:22:55 DEBUG cache:45 - TemplateLoader.findTemplateSource("Extent.ftl"): Found
2024-10-13 16:22:55 DEBUG cache:45 - Loading template for "Extent.ftl"("en_IN", UTF-8, parsed) from "jar:file:/C:/Users/swats/.m2/repository/com/relevantcodes/extentreports/2.41.2/extentreports-2.41.2.jar!/com/relevantcodes/extentreports/view/Extent.ftl"
2024-10-13 16:23:16 DEBUG cache:45 - Couldn't find template in cache for "Extent.ftl"("en_IN", UTF-8, parsed); will try to load it.
2024-10-13 16:23:16 DEBUG cache:45 - TemplateLoader.findTemplateSource("Extent_en_IN.ftl"): Not found
2024-10-13 16:23:16 DEBUG cache:45 - TemplateLoader.findTemplateSource("Extent_en.ftl"): Not found
2024-10-13 16:23:16 DEBUG cache:45 - TemplateLoader.findTemplateSource("Extent.ftl"): Found
2024-10-13 16:23:16 DEBUG cache:45 - Loading template for "Extent.ftl"("en_IN", UTF-8, parsed) from "jar:file:/C:/Users/swats/.m2/repository/com/relevantcodes/extentreports/2.41.2/extentreports-2.41.2.jar!/com/relevantcodes/extentreports/view/Extent.ftl"
2024-10-13 16:26:11 DEBUG cache:45 - Couldn't find template in cache for "Extent.ftl"("en_IN", UTF-8, parsed); will try to load it.
2024-10-13 16:26:11 DEBUG cache:45 - TemplateLoader.findTemplateSource("Extent_en_IN.ftl"): Not found
2024-10-13 16:26:11 DEBUG cache:45 - TemplateLoader.findTemplateSource("Extent_en.ftl"): Not found
2024-10-13 16:26:11 DEBUG cache:45 - TemplateLoader.findTemplateSource("Extent.ftl"): Found
2024-10-13 16:26:11 DEBUG cache:45 - Loading template for "Extent.ftl"("en_IN", UTF-8, parsed) from "jar:file:/C:/Users/swats/.m2/repository/com/relevantcodes/extentreports/2.41.2/extentreports-2.41.2.jar!/com/relevantcodes/extentreports/view/Extent.ftl"
2024-10-13 16:26:47 DEBUG cache:45 - Couldn't find template in cache for "Extent.ftl"("en_IN", UTF-8, parsed); will try to load it.
2024-10-13 16:26:47 DEBUG cache:45 - TemplateLoader.findTemplateSource("Extent_en_IN.ftl"): Not found
2024-10-13 16:26:47 DEBUG cache:45 - TemplateLoader.findTemplateSource("Extent_en.ftl"): Not found
2024-10-13 16:26:47 DEBUG cache:45 - TemplateLoader.findTemplateSource("Extent.ftl"): Found
2024-10-13 16:26:47 DEBUG cache:45 - Loading template for "Extent.ftl"("en_IN", UTF-8, parsed) from "jar:file:/C:/Users/swats/.m2/repository/com/relevantcodes/extentreports/2.41.2/extentreports-2.41.2.jar!/com/relevantcodes/extentreports/view/Extent.ftl"
2024-10-13 16:28:02 DEBUG cache:45 - Couldn't find template in cache for "Extent.ftl"("en_IN", UTF-8, parsed); will try to load it.
2024-10-13 16:28:02 DEBUG cache:45 - TemplateLoader.findTemplateSource("Extent_en_IN.ftl"): Not found
2024-10-13 16:28:02 DEBUG cache:45 - TemplateLoader.findTemplateSource("Extent_en.ftl"): Not found
2024-10-13 16:28:02 DEBUG cache:45 - TemplateLoader.findTemplateSource("Extent.ftl"): Found
2024-10-13 16:28:02 DEBUG cache:45 - Loading template for "Extent.ftl"("en_IN", UTF-8, parsed) from "jar:file:/C:/Users/swats/.m2/repository/com/relevantcodes/extentreports/2.41.2/extentreports-2.41.2.jar!/com/relevantcodes/extentreports/view/Extent.ftl"
2024-10-13 16:30:07 DEBUG cache:45 - Couldn't find template in cache for "Extent.ftl"("en_IN", UTF-8, parsed); will try to load it.
2024-10-13 16:30:07 DEBUG cache:45 - TemplateLoader.findTemplateSource("Extent_en_IN.ftl"): Not found
2024-10-13 16:30:07 DEBUG cache:45 - TemplateLoader.findTemplateSource("Extent_en.ftl"): Not found
2024-10-13 16:30:07 DEBUG cache:45 - TemplateLoader.findTemplateSource("Extent.ftl"): Found
2024-10-13 16:30:07 DEBUG cache:45 - Loading template for "Extent.ftl"("en_IN", UTF-8, parsed) from "jar:file:/C:/Users/swats/.m2/repository/com/relevantcodes/extentreports/2.41.2/extentreports-2.41.2.jar!/com/relevantcodes/extentreports/view/Extent.ftl"
2024-10-13 16:32:04 DEBUG cache:45 - Couldn't find template in cache for "Extent.ftl"("en_IN", UTF-8, parsed); will try to load it.
2024-10-13 16:32:04 DEBUG cache:45 - TemplateLoader.findTemplateSource("Extent_en_IN.ftl"): Not found
2024-10-13 16:32:04 DEBUG cache:45 - TemplateLoader.findTemplateSource("Extent_en.ftl"): Not found
2024-10-13 16:32:04 DEBUG cache:45 - TemplateLoader.findTemplateSource("Extent.ftl"): Found
2024-10-13 16:32:04 DEBUG cache:45 - Loading template for "Extent.ftl"("en_IN", UTF-8, parsed) from "jar:file:/C:/Users/swats/.m2/repository/com/relevantcodes/extentreports/2.41.2/extentreports-2.41.2.jar!/com/relevantcodes/extentreports/view/Extent.ftl"
2024-10-13 16:33:28 DEBUG cache:45 - Couldn't find template in cache for "Extent.ftl"("en_IN", UTF-8, parsed); will try to load it.
2024-10-13 16:33:28 DEBUG cache:45 - TemplateLoader.findTemplateSource("Extent_en_IN.ftl"): Not found
2024-10-13 16:33:28 DEBUG cache:45 - TemplateLoader.findTemplateSource("Extent_en.ftl"): Not found
2024-10-13 16:33:28 DEBUG cache:45 - TemplateLoader.findTemplateSource("Extent.ftl"): Found
2024-10-13 16:33:28 DEBUG cache:45 - Loading template for "Extent.ftl"("en_IN", UTF-8, parsed) from "jar:file:/C:/Users/swats/.m2/repository/com/relevantcodes/extentreports/2.41.2/extentreports-2.41.2.jar!/com/relevantcodes/extentreports/view/Extent.ftl"
2024-10-13 16:37:12 DEBUG cache:45 - Couldn't find template in cache for "Extent.ftl"("en_IN", UTF-8, parsed); will try to load it.
2024-10-13 16:37:12 DEBUG cache:45 - TemplateLoader.findTemplateSource("Extent_en_IN.ftl"): Not found
2024-10-13 16:37:12 DEBUG cache:45 - TemplateLoader.findTemplateSource("Extent_en.ftl"): Not found
2024-10-13 16:37:12 DEBUG cache:45 - TemplateLoader.findTemplateSource("Extent.ftl"): Found
2024-10-13 16:37:12 DEBUG cache:45 - Loading template for "Extent.ftl"("en_IN", UTF-8, parsed) from "jar:file:/C:/Users/swats/.m2/repository/com/relevantcodes/extentreports/2.41.2/extentreports-2.41.2.jar!/com/relevantcodes/extentreports/view/Extent.ftl"
2024-10-13 16:39:10 DEBUG cache:45 - Couldn't find template in cache for "Extent.ftl"("en_IN", UTF-8, parsed); will try to load it.
2024-10-13 16:39:10 DEBUG cache:45 - TemplateLoader.findTemplateSource("Extent_en_IN.ftl"): Not found
2024-10-13 16:39:10 DEBUG cache:45 - TemplateLoader.findTemplateSource("Extent_en.ftl"): Not found
2024-10-13 16:39:10 DEBUG cache:45 - TemplateLoader.findTemplateSource("Extent.ftl"): Found
2024-10-13 16:39:10 DEBUG cache:45 - Loading template for "Extent.ftl"("en_IN", UTF-8, parsed) from "jar:file:/C:/Users/swats/.m2/repository/com/relevantcodes/extentreports/2.41.2/extentreports-2.41.2.jar!/com/relevantcodes/extentreports/view/Extent.ftl"
2024-10-13 16:45:11 DEBUG cache:45 - Couldn't find template in cache for "Extent.ftl"("en_IN", UTF-8, parsed); will try to load it.
2024-10-13 16:45:11 DEBUG cache:45 - TemplateLoader.findTemplateSource("Extent_en_IN.ftl"): Not found
2024-10-13 16:45:11 DEBUG cache:45 - TemplateLoader.findTemplateSource("Extent_en.ftl"): Not found
2024-10-13 16:45:11 DEBUG cache:45 - TemplateLoader.findTemplateSource("Extent.ftl"): Found
2024-10-13 16:45:11 DEBUG cache:45 - Loading template for "Extent.ftl"("en_IN", UTF-8, parsed) from "jar:file:/C:/Users/swats/.m2/repository/com/relevantcodes/extentreports/2.41.2/extentreports-2.41.2.jar!/com/relevantcodes/extentreports/view/Extent.ftl"
2024-10-13 16:48:54 DEBUG cache:45 - Couldn't find template in cache for "Extent.ftl"("en_IN", UTF-8, parsed); will try to load it.
2024-10-13 16:48:54 DEBUG cache:45 - TemplateLoader.findTemplateSource("Extent_en_IN.ftl"): Not found
2024-10-13 16:48:54 DEBUG cache:45 - TemplateLoader.findTemplateSource("Extent_en.ftl"): Not found
2024-10-13 16:48:54 DEBUG cache:45 - TemplateLoader.findTemplateSource("Extent.ftl"): Found
2024-10-13 16:48:54 DEBUG cache:45 - Loading template for "Extent.ftl"("en_IN", UTF-8, parsed) from "jar:file:/C:/Users/swats/.m2/repository/com/relevantcodes/extentreports/2.41.2/extentreports-2.41.2.jar!/com/relevantcodes/extentreports/view/Extent.ftl"
2024-10-13 16:50:46 DEBUG cache:45 - Couldn't find template in cache for "Extent.ftl"("en_IN", UTF-8, parsed); will try to load it.
2024-10-13 16:50:46 DEBUG cache:45 - TemplateLoader.findTemplateSource("Extent_en_IN.ftl"): Not found
2024-10-13 16:50:46 DEBUG cache:45 - TemplateLoader.findTemplateSource("Extent_en.ftl"): Not found
2024-10-13 16:50:46 DEBUG cache:45 - TemplateLoader.findTemplateSource("Extent.ftl"): Found
2024-10-13 16:50:46 DEBUG cache:45 - Loading template for "Extent.ftl"("en_IN", UTF-8, parsed) from "jar:file:/C:/Users/swats/.m2/repository/com/relevantcodes/extentreports/2.41.2/extentreports-2.41.2.jar!/com/relevantcodes/extentreports/view/Extent.ftl"
2024-10-13 16:52:07 DEBUG cache:45 - Couldn't find template in cache for "Extent.ftl"("en_IN", UTF-8, parsed); will try to load it.
2024-10-13 16:52:07 DEBUG cache:45 - TemplateLoader.findTemplateSource("Extent_en_IN.ftl"): Not found
2024-10-13 16:52:07 DEBUG cache:45 - TemplateLoader.findTemplateSource("Extent_en.ftl"): Not found
2024-10-13 16:52:07 DEBUG cache:45 - TemplateLoader.findTemplateSource("Extent.ftl"): Found
2024-10-13 16:52:07 DEBUG cache:45 - Loading template for "Extent.ftl"("en_IN", UTF-8, parsed) from "jar:file:/C:/Users/swats/.m2/repository/com/relevantcodes/extentreports/2.41.2/extentreports-2.41.2.jar!/com/relevantcodes/extentreports/view/Extent.ftl"
2024-10-13 16:53:35 DEBUG cache:45 - Couldn't find template in cache for "Extent.ftl"("en_IN", UTF-8, parsed); will try to load it.
2024-10-13 16:53:35 DEBUG cache:45 - TemplateLoader.findTemplateSource("Extent_en_IN.ftl"): Not found
2024-10-13 16:53:35 DEBUG cache:45 - TemplateLoader.findTemplateSource("Extent_en.ftl"): Not found
2024-10-13 16:53:35 DEBUG cache:45 - TemplateLoader.findTemplateSource("Extent.ftl"): Found
2024-10-13 16:53:35 DEBUG cache:45 - Loading template for "Extent.ftl"("en_IN", UTF-8, parsed) from "jar:file:/C:/Users/swats/.m2/repository/com/relevantcodes/extentreports/2.41.2/extentreports-2.41.2.jar!/com/relevantcodes/extentreports/view/Extent.ftl"
2024-10-13 16:54:35 DEBUG cache:45 - Couldn't find template in cache for "Extent.ftl"("en_IN", UTF-8, parsed); will try to load it.
2024-10-13 16:54:35 DEBUG cache:45 - TemplateLoader.findTemplateSource("Extent_en_IN.ftl"): Not found
2024-10-13 16:54:35 DEBUG cache:45 - TemplateLoader.findTemplateSource("Extent_en.ftl"): Not found
2024-10-13 16:54:35 DEBUG cache:45 - TemplateLoader.findTemplateSource("Extent.ftl"): Found
2024-10-13 16:54:35 DEBUG cache:45 - Loading template for "Extent.ftl"("en_IN", UTF-8, parsed) from "jar:file:/C:/Users/swats/.m2/repository/com/relevantcodes/extentreports/2.41.2/extentreports-2.41.2.jar!/com/relevantcodes/extentreports/view/Extent.ftl"
2024-10-13 16:55:34 DEBUG cache:45 - Couldn't find template in cache for "Extent.ftl"("en_IN", UTF-8, parsed); will try to load it.
2024-10-13 16:55:34 DEBUG cache:45 - TemplateLoader.findTemplateSource("Extent_en_IN.ftl"): Not found
2024-10-13 16:55:34 DEBUG cache:45 - TemplateLoader.findTemplateSource("Extent_en.ftl"): Not found
2024-10-13 16:55:34 DEBUG cache:45 - TemplateLoader.findTemplateSource("Extent.ftl"): Found
2024-10-13 16:55:34 DEBUG cache:45 - Loading template for "Extent.ftl"("en_IN", UTF-8, parsed) from "jar:file:/C:/Users/swats/.m2/repository/com/relevantcodes/extentreports/2.41.2/extentreports-2.41.2.jar!/com/relevantcodes/extentreports/view/Extent.ftl"
2024-10-13 16:59:56 DEBUG cache:45 - Couldn't find template in cache for "Extent.ftl"("en_IN", UTF-8, parsed); will try to load it.
2024-10-13 16:59:56 DEBUG cache:45 - TemplateLoader.findTemplateSource("Extent_en_IN.ftl"): Not found
2024-10-13 16:59:56 DEBUG cache:45 - TemplateLoader.findTemplateSource("Extent_en.ftl"): Not found
2024-10-13 16:59:56 DEBUG cache:45 - TemplateLoader.findTemplateSource("Extent.ftl"): Found
2024-10-13 16:59:56 DEBUG cache:45 - Loading template for "Extent.ftl"("en_IN", UTF-8, parsed) from "jar:file:/C:/Users/swats/.m2/repository/com/relevantcodes/extentreports/2.41.2/extentreports-2.41.2.jar!/com/relevantcodes/extentreports/view/Extent.ftl"
2024-10-13 17:03:02 DEBUG cache:45 - Couldn't find template in cache for "Extent.ftl"("en_IN", UTF-8, parsed); will try to load it.
2024-10-13 17:03:02 DEBUG cache:45 - TemplateLoader.findTemplateSource("Extent_en_IN.ftl"): Not found
2024-10-13 17:03:02 DEBUG cache:45 - TemplateLoader.findTemplateSource("Extent_en.ftl"): Not found
2024-10-13 17:03:02 DEBUG cache:45 - TemplateLoader.findTemplateSource("Extent.ftl"): Found
2024-10-13 17:03:02 DEBUG cache:45 - Loading template for "Extent.ftl"("en_IN", UTF-8, parsed) from "jar:file:/C:/Users/swats/.m2/repository/com/relevantcodes/extentreports/2.41.2/extentreports-2.41.2.jar!/com/relevantcodes/extentreports/view/Extent.ftl"
2024-10-13 17:05:45 DEBUG cache:45 - Couldn't find template in cache for "Extent.ftl"("en_IN", UTF-8, parsed); will try to load it.
2024-10-13 17:05:45 DEBUG cache:45 - TemplateLoader.findTemplateSource("Extent_en_IN.ftl"): Not found
2024-10-13 17:05:45 DEBUG cache:45 - TemplateLoader.findTemplateSource("Extent_en.ftl"): Not found
2024-10-13 17:05:45 DEBUG cache:45 - TemplateLoader.findTemplateSource("Extent.ftl"): Found
2024-10-13 17:05:45 DEBUG cache:45 - Loading template for "Extent.ftl"("en_IN", UTF-8, parsed) from "jar:file:/C:/Users/swats/.m2/repository/com/relevantcodes/extentreports/2.41.2/extentreports-2.41.2.jar!/com/relevantcodes/extentreports/view/Extent.ftl"
2024-10-13 17:08:32 DEBUG cache:45 - Couldn't find template in cache for "Extent.ftl"("en_IN", UTF-8, parsed); will try to load it.
2024-10-13 17:08:32 DEBUG cache:45 - TemplateLoader.findTemplateSource("Extent_en_IN.ftl"): Not found
2024-10-13 17:08:32 DEBUG cache:45 - TemplateLoader.findTemplateSource("Extent_en.ftl"): Not found
2024-10-13 17:08:32 DEBUG cache:45 - TemplateLoader.findTemplateSource("Extent.ftl"): Found
2024-10-13 17:08:32 DEBUG cache:45 - Loading template for "Extent.ftl"("en_IN", UTF-8, parsed) from "jar:file:/C:/Users/swats/.m2/repository/com/relevantcodes/extentreports/2.41.2/extentreports-2.41.2.jar!/com/relevantcodes/extentreports/view/Extent.ftl"
2024-10-13 17:09:34 DEBUG cache:45 - Couldn't find template in cache for "Extent.ftl"("en_IN", UTF-8, parsed); will try to load it.
2024-10-13 17:09:34 DEBUG cache:45 - TemplateLoader.findTemplateSource("Extent_en_IN.ftl"): Not found
2024-10-13 17:09:34 DEBUG cache:45 - TemplateLoader.findTemplateSource("Extent_en.ftl"): Not found
2024-10-13 17:09:34 DEBUG cache:45 - TemplateLoader.findTemplateSource("Extent.ftl"): Found
2024-10-13 17:09:34 DEBUG cache:45 - Loading template for "Extent.ftl"("en_IN", UTF-8, parsed) from "jar:file:/C:/Users/swats/.m2/repository/com/relevantcodes/extentreports/2.41.2/extentreports-2.41.2.jar!/com/relevantcodes/extentreports/view/Extent.ftl"
2024-10-13 17:10:59 DEBUG cache:45 - Couldn't find template in cache for "Extent.ftl"("en_IN", UTF-8, parsed); will try to load it.
2024-10-13 17:10:59 DEBUG cache:45 - TemplateLoader.findTemplateSource("Extent_en_IN.ftl"): Not found
2024-10-13 17:10:59 DEBUG cache:45 - TemplateLoader.findTemplateSource("Extent_en.ftl"): Not found
2024-10-13 17:10:59 DEBUG cache:45 - TemplateLoader.findTemplateSource("Extent.ftl"): Found
2024-10-13 17:10:59 DEBUG cache:45 - Loading template for "Extent.ftl"("en_IN", UTF-8, parsed) from "jar:file:/C:/Users/swats/.m2/repository/com/relevantcodes/extentreports/2.41.2/extentreports-2.41.2.jar!/com/relevantcodes/extentreports/view/Extent.ftl"
2024-10-13 17:12:23 DEBUG cache:45 - Couldn't find template in cache for "Extent.ftl"("en_IN", UTF-8, parsed); will try to load it.
2024-10-13 17:12:23 DEBUG cache:45 - TemplateLoader.findTemplateSource("Extent_en_IN.ftl"): Not found
2024-10-13 17:12:23 DEBUG cache:45 - TemplateLoader.findTemplateSource("Extent_en.ftl"): Not found
2024-10-13 17:12:23 DEBUG cache:45 - TemplateLoader.findTemplateSource("Extent.ftl"): Found
2024-10-13 17:12:23 DEBUG cache:45 - Loading template for "Extent.ftl"("en_IN", UTF-8, parsed) from "jar:file:/C:/Users/swats/.m2/repository/com/relevantcodes/extentreports/2.41.2/extentreports-2.41.2.jar!/com/relevantcodes/extentreports/view/Extent.ftl"
2024-10-13 17:14:30 DEBUG cache:45 - Couldn't find template in cache for "Extent.ftl"("en_IN", UTF-8, parsed); will try to load it.
2024-10-13 17:14:30 DEBUG cache:45 - TemplateLoader.findTemplateSource("Extent_en_IN.ftl"): Not found
2024-10-13 17:14:30 DEBUG cache:45 - TemplateLoader.findTemplateSource("Extent_en.ftl"): Not found
2024-10-13 17:14:30 DEBUG cache:45 - TemplateLoader.findTemplateSource("Extent.ftl"): Found
2024-10-13 17:14:30 DEBUG cache:45 - Loading template for "Extent.ftl"("en_IN", UTF-8, parsed) from "jar:file:/C:/Users/swats/.m2/repository/com/relevantcodes/extentreports/2.41.2/extentreports-2.41.2.jar!/com/relevantcodes/extentreports/view/Extent.ftl"
2024-10-13 17:17:01 DEBUG cache:45 - Couldn't find template in cache for "Extent.ftl"("en_IN", UTF-8, parsed); will try to load it.
2024-10-13 17:17:01 DEBUG cache:45 - TemplateLoader.findTemplateSource("Extent_en_IN.ftl"): Not found
2024-10-13 17:17:01 DEBUG cache:45 - TemplateLoader.findTemplateSource("Extent_en.ftl"): Not found
2024-10-13 17:17:01 DEBUG cache:45 - TemplateLoader.findTemplateSource("Extent.ftl"): Found
2024-10-13 17:17:01 DEBUG cache:45 - Loading template for "Extent.ftl"("en_IN", UTF-8, parsed) from "jar:file:/C:/Users/swats/.m2/repository/com/relevantcodes/extentreports/2.41.2/extentreports-2.41.2.jar!/com/relevantcodes/extentreports/view/Extent.ftl"
2024-10-13 17:19:03 DEBUG cache:45 - Couldn't find template in cache for "Extent.ftl"("en_IN", UTF-8, parsed); will try to load it.
2024-10-13 17:19:03 DEBUG cache:45 - TemplateLoader.findTemplateSource("Extent_en_IN.ftl"): Not found
2024-10-13 17:19:03 DEBUG cache:45 - TemplateLoader.findTemplateSource("Extent_en.ftl"): Not found
2024-10-13 17:19:03 DEBUG cache:45 - TemplateLoader.findTemplateSource("Extent.ftl"): Found
2024-10-13 17:19:03 DEBUG cache:45 - Loading template for "Extent.ftl"("en_IN", UTF-8, parsed) from "jar:file:/C:/Users/swats/.m2/repository/com/relevantcodes/extentreports/2.41.2/extentreports-2.41.2.jar!/com/relevantcodes/extentreports/view/Extent.ftl"
2024-10-13 17:36:30 DEBUG cache:45 - Couldn't find template in cache for "Extent.ftl"("en_IN", UTF-8, parsed); will try to load it.
2024-10-13 17:36:30 DEBUG cache:45 - TemplateLoader.findTemplateSource("Extent_en_IN.ftl"): Not found
2024-10-13 17:36:30 DEBUG cache:45 - TemplateLoader.findTemplateSource("Extent_en.ftl"): Not found
2024-10-13 17:36:30 DEBUG cache:45 - TemplateLoader.findTemplateSource("Extent.ftl"): Found
2024-10-13 17:36:30 DEBUG cache:45 - Loading template for "Extent.ftl"("en_IN", UTF-8, parsed) from "jar:file:/C:/Users/swats/.m2/repository/com/relevantcodes/extentreports/2.41.2/extentreports-2.41.2.jar!/com/relevantcodes/extentreports/view/Extent.ftl"
