<?xml version="1.0" encoding="UTF-8"?>
<!-- Generated by org.testng.reporters.JUnitXMLReporter -->
<testsuite ignored="0" hostname="ManiBeeee" failures="1" tests="4" name="Test" time="39.446" errors="0" timestamp="2024-09-15T12:52:18 IST">
  <testcase classname="TestExecution.DemoWebShop_OrderItem" name="Launch_And_Login" time="20.094"/>
  <testcase classname="TestExecution.DemoWebShop_OrderItem" name="AddToCart" time="16.586"/>
  <testcase classname="TestExecution.DemoWebShop_OrderItem" name="Checkout" time="2.288"/>
  <testcase classname="TestExecution.DemoWebShop_OrderItem" name="Payment_Shipping" time="0.332">
    <failure type="org.openqa.selenium.ElementNotInteractableException" message="Element &amp;lt;input class=&amp;quot;button-1 new-address-next-step-button&amp;quot; type=&amp;quot;button&amp;quot;&amp;gt; could not be scrolled into view
Build info: version: &amp;apos;4.1.0&amp;apos;, revision: &amp;apos;87802e897b&amp;apos;
System info: host: &amp;apos;MANIBEEEE&amp;apos;, ip: &amp;apos;192.168.99.242&amp;apos;, os.name: &amp;apos;Windows 11&amp;apos;, os.arch: &amp;apos;amd64&amp;apos;, os.version: &amp;apos;10.0&amp;apos;, java.version: &amp;apos;21.0.3&amp;apos;
Driver info: org.openqa.selenium.firefox.FirefoxDriver
Command: [025ec693-da1c-406c-aa75-ff1a44fa8642, clickElement {id=9cf97e0a-cd40-4bce-afb3-0af7f75d0ac3}]
Capabilities {acceptInsecureCerts: true, browserName: firefox, browserVersion: 130.0, javascriptEnabled: true, moz:accessibilityChecks: false, moz:buildID: 20240829075237, moz:geckodriverVersion: 0.34.0, moz:headless: false, moz:platformVersion: 10.0, moz:processID: 11196, moz:profile: C:\Users\swats\AppData\Loca..., moz:shutdownTimeout: 60000, moz:webdriverClick: true, moz:windowless: false, pageLoadStrategy: normal, platform: WINDOWS, platformName: WINDOWS, proxy: Proxy(), setWindowRect: true, strictFileInteractability: false, timeouts: {implicit: 0, pageLoad: 300000, script: 30000}, unhandledPromptBehavior: dismiss and notify, userAgent: Mozilla/5.0 (Windows NT 10....}
Element: [[FirefoxDriver: firefox on WINDOWS (025ec693-da1c-406c-aa75-ff1a44fa8642)] -&amp;gt; css selector: #shipping-buttons-container input]
Session ID: 025ec693-da1c-406c-aa75-ff1a44fa8642">
      <![CDATA[org.openqa.selenium.ElementNotInteractableException: Element <input class="button-1 new-address-next-step-button" type="button"> could not be scrolled into view
Build info: version: '4.1.0', revision: '87802e897b'
System info: host: 'MANIBEEEE', ip: '192.168.99.242', os.name: 'Windows 11', os.arch: 'amd64', os.version: '10.0', java.version: '21.0.3'
Driver info: org.openqa.selenium.firefox.FirefoxDriver
Command: [025ec693-da1c-406c-aa75-ff1a44fa8642, clickElement {id=9cf97e0a-cd40-4bce-afb3-0af7f75d0ac3}]
Capabilities {acceptInsecureCerts: true, browserName: firefox, browserVersion: 130.0, javascriptEnabled: true, moz:accessibilityChecks: false, moz:buildID: 20240829075237, moz:geckodriverVersion: 0.34.0, moz:headless: false, moz:platformVersion: 10.0, moz:processID: 11196, moz:profile: C:\Users\swats\AppData\Loca..., moz:shutdownTimeout: 60000, moz:webdriverClick: true, moz:windowless: false, pageLoadStrategy: normal, platform: WINDOWS, platformName: WINDOWS, proxy: Proxy(), setWindowRect: true, strictFileInteractability: false, timeouts: {implicit: 0, pageLoad: 300000, script: 30000}, unhandledPromptBehavior: dismiss and notify, userAgent: Mozilla/5.0 (Windows NT 10....}
Element: [[FirefoxDriver: firefox on WINDOWS (025ec693-da1c-406c-aa75-ff1a44fa8642)] -> css selector: #shipping-buttons-container input]
Session ID: 025ec693-da1c-406c-aa75-ff1a44fa8642
at org.openqa.selenium.remote.codec.w3c.W3CHttpResponseCodec.createException(W3CHttpResponseCodec.java:200)
at org.openqa.selenium.remote.codec.w3c.W3CHttpResponseCodec.decode(W3CHttpResponseCodec.java:133)
at org.openqa.selenium.remote.codec.w3c.W3CHttpResponseCodec.decode(W3CHttpResponseCodec.java:53)
at org.openqa.selenium.remote.HttpCommandExecutor.execute(HttpCommandExecutor.java:184)
at org.openqa.selenium.remote.service.DriverCommandExecutor.invokeExecute(DriverCommandExecutor.java:164)
at org.openqa.selenium.remote.service.DriverCommandExecutor.execute(DriverCommandExecutor.java:139)
at org.openqa.selenium.remote.RemoteWebDriver.execute(RemoteWebDriver.java:559)
at org.openqa.selenium.remote.RemoteWebElement.execute(RemoteWebElement.java:251)
at org.openqa.selenium.remote.RemoteWebElement.click(RemoteWebElement.java:77)
at org.openqa.selenium.support.pagefactory.internal.LocatingElementHandler.invoke(LocatingElementHandler.java:52)
at jdk.proxy2/jdk.proxy2.$Proxy12.click(Unknown Source)
at Utlilities.UserActions.Click(UserActions.java:22)
at POMs.DemoWebShop_Checkout.ClickShippingAddress_Continue(DemoWebShop_Checkout.java:35)
at TestExecution.DemoWebShop_OrderItem.Payment_Shipping(DemoWebShop_OrderItem.java:66)
at java.base/java.util.concurrent.ThreadPoolExecutor.runWorker(ThreadPoolExecutor.java:1144)
at java.base/java.util.concurrent.ThreadPoolExecutor$Worker.run(ThreadPoolExecutor.java:642)
at java.base/java.lang.Thread.run(Thread.java:1583)
... Removed 15 stack frames]]>
    </failure>
  </testcase> <!-- Payment_Shipping -->
</testsuite> <!-- Test -->
